[2017-10-12 09:38:26.774] [INFO] D:\height\Vue.webapp\server\utils/server - Listening on port : 10110 with the node_env development
[2017-10-12 09:38:26.806] [INFO] D:\height\Vue.webapp\server\utils/Wechat - 获取access_token请求参数 ====>https://api.weixin.qq.com/cgi-bin/token?grant_type=client_credential&appid=wxd5bb187027ae5605&secret=68091a7af77b83256c207d1d22ce56e8
[2017-10-12 09:38:27.065] [INFO] D:\height\Vue.webapp\server\utils/Wechat - 获取access_token成功 ====>{"access_token":"DvDXKWansdwpBjXJ-jHTPxxw5VIHIPAHnNRv5jNS5GaU5jMxWGoxLJoIIThKyCrGz42uVcj-qwVT6xmMXJvsOqck-PbS2xeQrgUGjZbVe9tv1o0hKJop0pq7_a7cSgoyONTeAJAHGM","expires_in":7200}
[2017-10-12 09:38:27.065] [INFO] D:\height\Vue.webapp\server\utils/Wechat - 获取 Ticket 请求参数 ====>https://api.weixin.qq.com/cgi-bin/ticket/getticket?type=jsapi&access_token=DvDXKWansdwpBjXJ-jHTPxxw5VIHIPAHnNRv5jNS5GaU5jMxWGoxLJoIIThKyCrGz42uVcj-qwVT6xmMXJvsOqck-PbS2xeQrgUGjZbVe9tv1o0hKJop0pq7_a7cSgoyONTeAJAHGM
[2017-10-12 09:38:27.276] [INFO] D:\height\Vue.webapp\server\utils/Wechat - 获取 Ticket 成功 ====>{"errcode":0,"errmsg":"ok","ticket":"kgt8ON7yVITDhtdwci0qeepCpMa1m0i2WWI7YBDhGNqItgJFzbb8Zq58nnG-JUUykuuCWWAeK0WU8YE6SRmOXg","expires_in":7200}
[2017-10-12 10:36:35.100] [INFO] D:\height\Vue.webapp\server\utils/server - Listening on port : 10110 with the node_env development
[2017-10-12 10:37:31.245] [INFO] D:\height\Vue.webapp\server\utils/server - Listening on port : 10110 with the node_env development
[2017-10-12 10:39:38.475] [INFO] D:\height\Vue.webapp\server\utils/error - url______________________/mdtc/index?redirectURL=/
[2017-10-12 10:40:09.874] [INFO] D:\height\Vue.webapp\server\utils/error - url______________________/mdtc/index?redirectURL=/
[2017-10-12 11:05:42.082] [INFO] D:\height\Vue.webapp\server\utils/error - url______________________/
[2017-10-12 11:05:42.246] [INFO] D:\height\Vue.webapp\server\utils/error - url______________________/favicon.ico
[2017-10-12 11:08:54.074] [INFO] D:\height\Vue.webapp\server\utils/error - url______________________/mdtc/uc/getUserInfo=/
[2017-10-12 11:08:58.927] [INFO] D:\height\Vue.webapp\server\utils/error - url______________________/mdtc/uc/getUserInfo=/
[2017-10-12 11:09:11.858] [INFO] D:\height\Vue.webapp\server\utils/error - url______________________/mdtc/index?redirectURL=
[2017-10-12 11:09:18.519] [INFO] D:\height\Vue.webapp\server\utils/error - url______________________/mdtc/index?redirectURL=/
[2017-10-12 11:09:29.787] [INFO] D:\height\Vue.webapp\server\utils/error - url______________________/mdtc/index?redirectURL=/
[2017-10-12 11:09:55.705] [INFO] D:\height\Vue.webapp\server\utils/error - url______________________/mdtc/index?redirectURL=http://www.baidu.com
[2017-10-12 11:10:25.602] [INFO] D:\height\Vue.webapp\server\utils/error - url______________________/mdtc/index?redirectURL=/
[2017-10-12 11:11:33.171] [INFO] D:\height\Vue.webapp\server\utils/error - url______________________/mdtc/index?redirectURL=/
[2017-10-12 11:11:51.913] [INFO] D:\height\Vue.webapp\server\utils/error - url______________________/mdtc/index?redirectURL=/
[2017-10-12 11:13:08.771] [INFO] D:\height\Vue.webapp\server\utils/error - url______________________/mdtc/index?redirectURL=
[2017-10-12 11:13:13.802] [INFO] D:\height\Vue.webapp\server\utils/error - url______________________/mdtc/index?redirectURL=/mdtc/uc/getUserInfo
[2017-10-12 11:13:13.812] [INFO] D:\height\Vue.webapp\server\utils/error - url______________________/mdtc/uc/getUserInfo
[2017-10-12 11:13:26.593] [INFO] D:\height\Vue.webapp\server\utils/error - url______________________/mdtc/index?redirectURL=/
[2017-10-12 11:14:01.232] [INFO] D:\height\Vue.webapp\server\utils/error - url______________________/mdtc/index?redirectURL=/mdtc/uc/getUserInfo
[2017-10-12 11:14:01.243] [INFO] D:\height\Vue.webapp\server\utils/error - url______________________/mdtc/uc/getUserInfo
[2017-10-12 11:14:09.953] [INFO] D:\height\Vue.webapp\server\utils/error - url______________________/mdtc/index?redirectURL=/
[2017-10-12 11:15:20.593] [INFO] D:\height\Vue.webapp\server\utils/error - url______________________/mdtc/index?redirectURL=http://www.baidu.com
[2017-10-12 11:26:52.219] [INFO] D:\height\Vue.webapp\server\utils/error - url______________________/mdtc/index?redirectURL=/
[2017-10-12 11:27:37.487] [INFO] D:\height\Vue.webapp\server\utils/error - url______________________/mdtc/index?redirectURL=D:\%E6%96%87%E6%A1%A3
[2017-10-12 11:27:37.494] [INFO] D:\height\Vue.webapp\server\utils/error - eTypeError: The header content contains invalid characters
[2017-10-12 11:29:33.129] [INFO] D:\height\Vue.webapp\server\utils/error - url______________________/mdtc/index?redirectURL=/http://127.0.0.1:8080/
[2017-10-12 11:29:43.842] [INFO] D:\height\Vue.webapp\server\utils/error - url______________________/mdtc/uc/getUserInfo
[2017-10-12 11:29:43.868] [INFO] D:\height\Vue.webapp\server\utils/baseAction - responseResult ===>{"code":"000000","message":"业务处理成功!","result":{"user":{"userId":60,"userName":null,"nickName":"Sunshine","userImg":"http://wx.qlogo.cn/mmopen/vi_32/DYAIOgq83epMLp9CibMic0owgeXZGuGy7Fg07EKxhSjTibYZEicyCpyzS7paxShvg0dUkVc58PEMI9csX0Uic0t1BWA/0","custId":0,"email":null,"sex":"2","birthday":null,"phone":"18732186789","loginPwd":null,"unionid":"oG0ZIwL-RZAiK5elgKguVgZ2CepQ","weibouid":null,"address":null,"district":null,"districtCode":null,"loginNum":25,"registerTime":1503907800576,"credits":0,"consumeAmount":0,"pcqquid":null,"qquid":null,"loginTime":1504171959398,"loginIp":"117.78.35.228","status":"1","uuid":null,"channel":"1001","registerTimeStr":"2017-08-28 16:10:00","loginTimeStr":"2017-08-31 17:32:39","channelAmount":0,"channelCredits":0,"account":null,"grade":null,"chatId":22,"userType":null,"isVerifyMember":"2","isAccreditedInvestor":"2","isAuthor":"2","isShopkeeper":"2","isMainGroup":"2","isLeader":"2","userInformation":null,"userNumCount":null,"callNum":null},"grade":{"gradeId":4,"gradeName":"普通会员","startGrade":0,"endGrade":1000,"creator":0,"createTime":1504171323493,"status":"0","imgUrl":"group1/M00/00/02/wKicU1mfmACAF4sbAABym4Xsgsc162.png","num":1,"productAgio":1,"freeAgio":1,"startAgio":0,"creditsMultiple":0,"creditPrice":0,"permissId":"","list":null}}}
[2017-10-12 11:30:06.930] [INFO] D:\height\Vue.webapp\server\utils/error - url______________________/mdtc/index?redirectURL=http://127.0.0.1:8080/
[2017-10-12 11:30:14.239] [INFO] D:\height\Vue.webapp\server\utils/error - url______________________/mdtc/uc/getUserInfo
[2017-10-12 11:30:14.251] [INFO] D:\height\Vue.webapp\server\utils/baseAction - responseResult ===>{"code":"000000","message":"业务处理成功!","result":{"user":{"userId":60,"userName":null,"nickName":"Sunshine","userImg":"http://wx.qlogo.cn/mmopen/vi_32/DYAIOgq83epMLp9CibMic0owgeXZGuGy7Fg07EKxhSjTibYZEicyCpyzS7paxShvg0dUkVc58PEMI9csX0Uic0t1BWA/0","custId":0,"email":null,"sex":"2","birthday":null,"phone":"18732186789","loginPwd":null,"unionid":"oG0ZIwL-RZAiK5elgKguVgZ2CepQ","weibouid":null,"address":null,"district":null,"districtCode":null,"loginNum":25,"registerTime":1503907800576,"credits":0,"consumeAmount":0,"pcqquid":null,"qquid":null,"loginTime":1504171959398,"loginIp":"117.78.35.228","status":"1","uuid":null,"channel":"1001","registerTimeStr":"2017-08-28 16:10:00","loginTimeStr":"2017-08-31 17:32:39","channelAmount":0,"channelCredits":0,"account":null,"grade":null,"chatId":22,"userType":null,"isVerifyMember":"2","isAccreditedInvestor":"2","isAuthor":"2","isShopkeeper":"2","isMainGroup":"2","isLeader":"2","userInformation":null,"userNumCount":null,"callNum":null},"grade":{"gradeId":4,"gradeName":"普通会员","startGrade":0,"endGrade":1000,"creator":0,"createTime":1504171323493,"status":"0","imgUrl":"group1/M00/00/02/wKicU1mfmACAF4sbAABym4Xsgsc162.png","num":1,"productAgio":1,"freeAgio":1,"startAgio":0,"creditsMultiple":0,"creditPrice":0,"permissId":"","list":null}}}
[2017-10-12 11:43:35.650] [INFO] D:\height\Vue.webapp\server\utils/error - url______________________/mdtc/uc/getUserInfo
[2017-10-12 11:43:35.660] [INFO] D:\height\Vue.webapp\server\utils/baseAction - responseResult ===>{"code":"000000","message":"业务处理成功!","result":{"user":{"userId":60,"userName":null,"nickName":"Sunshine","userImg":"http://wx.qlogo.cn/mmopen/vi_32/DYAIOgq83epMLp9CibMic0owgeXZGuGy7Fg07EKxhSjTibYZEicyCpyzS7paxShvg0dUkVc58PEMI9csX0Uic0t1BWA/0","custId":0,"email":null,"sex":"2","birthday":null,"phone":"18732186789","loginPwd":null,"unionid":"oG0ZIwL-RZAiK5elgKguVgZ2CepQ","weibouid":null,"address":null,"district":null,"districtCode":null,"loginNum":25,"registerTime":1503907800576,"credits":0,"consumeAmount":0,"pcqquid":null,"qquid":null,"loginTime":1504171959398,"loginIp":"117.78.35.228","status":"1","uuid":null,"channel":"1001","registerTimeStr":"2017-08-28 16:10:00","loginTimeStr":"2017-08-31 17:32:39","channelAmount":0,"channelCredits":0,"account":null,"grade":null,"chatId":22,"userType":null,"isVerifyMember":"2","isAccreditedInvestor":"2","isAuthor":"2","isShopkeeper":"2","isMainGroup":"2","isLeader":"2","userInformation":null,"userNumCount":null,"callNum":null},"grade":{"gradeId":4,"gradeName":"普通会员","startGrade":0,"endGrade":1000,"creator":0,"createTime":1504171323493,"status":"0","imgUrl":"group1/M00/00/02/wKicU1mfmACAF4sbAABym4Xsgsc162.png","num":1,"productAgio":1,"freeAgio":1,"startAgio":0,"creditsMultiple":0,"creditPrice":0,"permissId":"","list":null}}}
[2017-10-12 11:43:47.724] [INFO] D:\height\Vue.webapp\server\utils/error - url______________________/mdtc/index?redirectURL=/
[2017-10-12 11:44:28.926] [INFO] D:\height\Vue.webapp\server\utils/error - url______________________/mdtc/uc/getUserInfo
[2017-10-12 11:44:28.936] [INFO] D:\height\Vue.webapp\server\utils/baseAction - responseResult ===>{"code":"000000","message":"业务处理成功!","result":{"user":{"userId":60,"userName":null,"nickName":"Sunshine","userImg":"http://wx.qlogo.cn/mmopen/vi_32/DYAIOgq83epMLp9CibMic0owgeXZGuGy7Fg07EKxhSjTibYZEicyCpyzS7paxShvg0dUkVc58PEMI9csX0Uic0t1BWA/0","custId":0,"email":null,"sex":"2","birthday":null,"phone":"18732186789","loginPwd":null,"unionid":"oG0ZIwL-RZAiK5elgKguVgZ2CepQ","weibouid":null,"address":null,"district":null,"districtCode":null,"loginNum":25,"registerTime":1503907800576,"credits":0,"consumeAmount":0,"pcqquid":null,"qquid":null,"loginTime":1504171959398,"loginIp":"117.78.35.228","status":"1","uuid":null,"channel":"1001","registerTimeStr":"2017-08-28 16:10:00","loginTimeStr":"2017-08-31 17:32:39","channelAmount":0,"channelCredits":0,"account":null,"grade":null,"chatId":22,"userType":null,"isVerifyMember":"2","isAccreditedInvestor":"2","isAuthor":"2","isShopkeeper":"2","isMainGroup":"2","isLeader":"2","userInformation":null,"userNumCount":null,"callNum":null},"grade":{"gradeId":4,"gradeName":"普通会员","startGrade":0,"endGrade":1000,"creator":0,"createTime":1504171323493,"status":"0","imgUrl":"group1/M00/00/02/wKicU1mfmACAF4sbAABym4Xsgsc162.png","num":1,"productAgio":1,"freeAgio":1,"startAgio":0,"creditsMultiple":0,"creditPrice":0,"permissId":"","list":null}}}
[2017-10-12 11:50:07.902] [INFO] D:\height\Vue.webapp\server\utils/server - Listening on port : 10110 with the node_env development
[2017-10-12 11:50:07.933] [INFO] D:\height\Vue.webapp\server\utils/Wechat - 获取access_token请求参数 ====>https://api.weixin.qq.com/cgi-bin/token?grant_type=client_credential&appid=wxd5bb187027ae5605&secret=68091a7af77b83256c207d1d22ce56e8
[2017-10-12 11:50:08.179] [INFO] D:\height\Vue.webapp\server\utils/Wechat - 获取access_token成功 ====>{"access_token":"TBilbB4YTB62t7TENSuQr-aEWIqTXBhce4Ae-SNNZ9F3bRkrrTwcACFegH01Us-ACnP8jXNVmwGoLB6s8F9TS_nIXlh7mvwi62IsaLrksbN2WNh7ixptxZ2DAehL_xXdZJJdACARBB","expires_in":7200}
[2017-10-12 11:50:08.179] [INFO] D:\height\Vue.webapp\server\utils/Wechat - 获取 Ticket 请求参数 ====>https://api.weixin.qq.com/cgi-bin/ticket/getticket?type=jsapi&access_token=TBilbB4YTB62t7TENSuQr-aEWIqTXBhce4Ae-SNNZ9F3bRkrrTwcACFegH01Us-ACnP8jXNVmwGoLB6s8F9TS_nIXlh7mvwi62IsaLrksbN2WNh7ixptxZ2DAehL_xXdZJJdACARBB
[2017-10-12 11:50:08.323] [INFO] D:\height\Vue.webapp\server\utils/Wechat - 获取 Ticket 成功 ====>{"errcode":0,"errmsg":"ok","ticket":"kgt8ON7yVITDhtdwci0qeepCpMa1m0i2WWI7YBDhGNqmnm9VbjZVzoazEsu9omim-Ev2ZHonH0m6EMrr-b3jTg","expires_in":7200}
[2017-10-12 11:51:12.906] [INFO] D:\height\Vue.webapp\server\utils/server - Listening on port : 10110 with the node_env development
[2017-10-12 11:51:58.131] [INFO] D:\height\Vue.webapp\server\utils/server - Listening on port : 10110 with the node_env development
[2017-10-12 11:52:27.417] [INFO] D:\height\Vue.webapp\server\utils/error - url______________________/mdtc/index?redirectURL=/
[2017-10-12 14:52:32.768] [INFO] D:\height\Vue.webapp\server\utils/server - Listening on port : 10110 with the node_env development
[2017-10-12 14:52:32.805] [INFO] D:\height\Vue.webapp\server\utils/Wechat - 获取access_token请求参数 ====>https://api.weixin.qq.com/cgi-bin/token?grant_type=client_credential&appid=wxd5bb187027ae5605&secret=68091a7af77b83256c207d1d22ce56e8
[2017-10-12 14:52:33.040] [INFO] D:\height\Vue.webapp\server\utils/Wechat - 获取access_token成功 ====>{"access_token":"BOh8q-M4z_qBfT_0gHtiFNqt4_QYqnnq9kUTNq-qKnw86ATVHPyp7GZEnAtRCpmzjiS7TmRwP00rpABFaF478VSdJdy_TfPof_wwQG1zgn6uxwSX-yuIIEnP6ZObr3gNZHBgAHAEMG","expires_in":7200}
[2017-10-12 14:52:33.040] [INFO] D:\height\Vue.webapp\server\utils/Wechat - 获取 Ticket 请求参数 ====>https://api.weixin.qq.com/cgi-bin/ticket/getticket?type=jsapi&access_token=BOh8q-M4z_qBfT_0gHtiFNqt4_QYqnnq9kUTNq-qKnw86ATVHPyp7GZEnAtRCpmzjiS7TmRwP00rpABFaF478VSdJdy_TfPof_wwQG1zgn6uxwSX-yuIIEnP6ZObr3gNZHBgAHAEMG
[2017-10-12 14:52:33.195] [INFO] D:\height\Vue.webapp\server\utils/Wechat - 获取 Ticket 成功 ====>{"errcode":0,"errmsg":"ok","ticket":"kgt8ON7yVITDhtdwci0qeepCpMa1m0i2WWI7YBDhGNq5mT1hxAwCfSMYX7v1cJCaCHMYuwf18DffsX88E1PawQ","expires_in":7200}
