[2017-10-10 15:29:20.291] [INFO] /Users/mm/work/MTDC/Vue.webapp/server/utils/server - Listening on port : 1913 with the node_env development
[2017-10-10 15:29:20.344] [INFO] /Users/mm/work/MTDC/Vue.webapp/server/utils/Wechat - 获取access_token请求参数 ====>https://api.weixin.qq.com/cgi-bin/token?grant_type=client_credential&appid=wxd5bb187027ae5605&secret=68091a7af77b83256c207d1d22ce56e8
[2017-10-10 15:29:20.964] [INFO] /Users/mm/work/MTDC/Vue.webapp/server/utils/Wechat - 获取access_token成功 ====>undefined
[2017-10-10 15:29:29.031] [INFO] /Users/mm/work/MTDC/Vue.webapp/server/utils/server - Listening on port : 1913 with the node_env development
[2017-10-10 15:29:29.078] [INFO] /Users/mm/work/MTDC/Vue.webapp/server/utils/Wechat - 获取access_token请求参数 ====>https://api.weixin.qq.com/cgi-bin/token?grant_type=client_credential&appid=wxd5bb187027ae5605&secret=68091a7af77b83256c207d1d22ce56e8
[2017-10-10 15:29:29.329] [INFO] /Users/mm/work/MTDC/Vue.webapp/server/utils/Wechat - 获取access_token成功 ====>undefined
[2017-10-10 15:31:00.245] [INFO] /Users/mm/work/MTDC/Vue.webapp/server/utils/server - Listening on port : 1913 with the node_env development
[2017-10-10 15:31:00.595] [INFO] /Users/mm/work/MTDC/Vue.webapp/server/utils/Wechat - 获取access_token请求参数 ====>https://api.weixin.qq.com/cgi-bin/token?grant_type=client_credential&appid=wxd5bb187027ae5605&secret=68091a7af77b83256c207d1d22ce56e8
[2017-10-10 15:31:00.945] [INFO] /Users/mm/work/MTDC/Vue.webapp/server/utils/Wechat - 获取access_token成功 ====>undefined
[2017-10-10 15:33:16.219] [INFO] /Users/mm/work/MTDC/Vue.webapp/server/utils/server - Listening on port : 1913 with the node_env development
[2017-10-10 15:33:16.256] [INFO] /Users/mm/work/MTDC/Vue.webapp/server/utils/Wechat - 获取access_token请求参数 ====>https://api.weixin.qq.com/cgi-bin/token?grant_type=client_credential&appid=wxd5bb187027ae5605&secret=68091a7af77b83256c207d1d22ce56e8
[2017-10-10 15:33:16.506] [INFO] /Users/mm/work/MTDC/Vue.webapp/server/utils/Wechat - 获取access_token成功 ====>undefined
[2017-10-10 15:36:20.864] [INFO] /Users/mm/work/MTDC/Vue.webapp/server/utils/server - Listening on port : 1913 with the node_env development
[2017-10-10 15:36:20.915] [INFO] /Users/mm/work/MTDC/Vue.webapp/server/utils/Wechat - 获取access_token请求参数 ====>https://api.weixin.qq.com/cgi-bin/token?grant_type=client_credential&appid=wxd5bb187027ae5605&secret=68091a7af77b83256c207d1d22ce56e8
[2017-10-10 15:36:21.239] [INFO] /Users/mm/work/MTDC/Vue.webapp/server/utils/Wechat - 获取access_token成功 ====>{"access_token":"nYxdxneLhCrWBY36rgKbk8NdyuoHBqU2rKKc9j4MlznOwvJLNiQhYhSP2fhG3i3nq7Zz9Vb-vXWREoYtzmc9uR5unIm8sEr4g1q4E2OwlFl2CMy8bqYH0PRXOHlKLMfYXZFjAGAQSY","expires_in":7200}
[2017-10-10 15:36:21.240] [INFO] /Users/mm/work/MTDC/Vue.webapp/server/utils/Wechat - 获取 Ticket 请求参数 ====>https://api.weixin.qq.com/cgi-bin/ticket/getticket?type=jsapi&access_token=nYxdxneLhCrWBY36rgKbk8NdyuoHBqU2rKKc9j4MlznOwvJLNiQhYhSP2fhG3i3nq7Zz9Vb-vXWREoYtzmc9uR5unIm8sEr4g1q4E2OwlFl2CMy8bqYH0PRXOHlKLMfYXZFjAGAQSY
[2017-10-10 15:36:21.437] [INFO] /Users/mm/work/MTDC/Vue.webapp/server/utils/Wechat - 获取 Ticket 成功 ====>{"errcode":0,"errmsg":"ok","ticket":"kgt8ON7yVITDhtdwci0qeepCpMa1m0i2WWI7YBDhGNrA_r6Na9DJLvnVrfw5Z2moVSUD8B6VnA1ySpQ4kxX4mw","expires_in":7200}
[2017-10-10 15:36:49.569] [INFO] /Users/mm/work/MTDC/Vue.webapp/server/utils/server - Listening on port : 1913 with the node_env development
[2017-10-10 15:48:48.965] [INFO] /Users/mm/work/MTDC/Vue.webapp/server/utils/server - Listening on port : 1913 with the node_env development
[2017-10-10 15:48:57.796] [INFO] /Users/mm/work/MTDC/Vue.webapp/server/utils/error - url______________________/ccfa/preIndex
[2017-10-10 15:49:03.160] [INFO] /Users/mm/work/MTDC/Vue.webapp/server/utils/error - url______________________/mtdc
[2017-10-10 15:49:10.798] [INFO] /Users/mm/work/MTDC/Vue.webapp/server/utils/error - url______________________/mtdc/index
[2017-10-10 15:49:32.236] [INFO] /Users/mm/work/MTDC/Vue.webapp/server/utils/server - Listening on port : 1913 with the node_env development
[2017-10-10 15:49:38.286] [INFO] /Users/mm/work/MTDC/Vue.webapp/server/utils/error - url______________________/mtdc/index
[2017-10-10 15:49:38.310] [INFO] /Users/mm/work/MTDC/Vue.webapp/server/utils/error - url______________________/mtdc/undefined
[2017-10-10 15:49:41.788] [INFO] /Users/mm/work/MTDC/Vue.webapp/server/utils/error - url______________________/mtdc/
[2017-10-10 15:50:05.577] [INFO] /Users/mm/work/MTDC/Vue.webapp/server/utils/error - url______________________/mtdc/index?url=www.baidu.com
[2017-10-10 15:50:05.582] [INFO] /Users/mm/work/MTDC/Vue.webapp/server/utils/error - url______________________/mtdc/undefined
[2017-10-10 15:50:57.604] [INFO] /Users/mm/work/MTDC/Vue.webapp/server/utils/server - Listening on port : 1913 with the node_env development
[2017-10-10 15:51:07.096] [INFO] /Users/mm/work/MTDC/Vue.webapp/server/utils/error - url______________________/mtdc/index
[2017-10-10 15:51:07.123] [INFO] /Users/mm/work/MTDC/Vue.webapp/server/utils/error - url______________________/mtdc/undefined
[2017-10-10 15:52:16.546] [INFO] /Users/mm/work/MTDC/Vue.webapp/server/utils/error - url______________________/mtdc/index?url=aaaa
[2017-10-10 15:52:16.553] [INFO] /Users/mm/work/MTDC/Vue.webapp/server/utils/error - url______________________/mtdc/aaaa
[2017-10-10 15:53:04.304] [INFO] /Users/mm/work/MTDC/Vue.webapp/server/utils/error - url______________________/mtdc/index?url=http://www.baidu.com
[2017-10-10 15:56:36.460] [INFO] /Users/mm/work/MTDC/Vue.webapp/server/utils/server - Listening on port : 1913 with the node_env development
[2017-10-10 16:00:13.610] [INFO] /Users/mm/work/MTDC/Vue.webapp/server/utils/server - Listening on port : 1913 with the node_env development
[2017-10-10 16:00:21.004] [INFO] /Users/mm/work/MTDC/Vue.webapp/server/utils/server - Listening on port : 1913 with the node_env development
[2017-10-10 16:01:33.621] [INFO] /Users/mm/work/MTDC/Vue.webapp/server/utils/server - Listening on port : 1913 with the node_env development
[2017-10-10 16:04:08.541] [INFO] /Users/mm/work/MTDC/Vue.webapp/server/utils/server - Listening on port : 1913 with the node_env development
[2017-10-10 18:00:57.705] [INFO] D:\height\Vue.webapp\server\utils/server - Listening on port : 10110 with the node_env development
[2017-10-10 18:01:32.899] [INFO] D:\height\Vue.webapp\server\utils/server - Listening on port : 10110 with the node_env development
[2017-10-10 18:01:33.166] [INFO] D:\height\Vue.webapp\server\utils/Wechat - 获取access_token请求参数 ====>https://api.weixin.qq.com/cgi-bin/token?grant_type=client_credential&appid=wxd5bb187027ae5605&secret=68091a7af77b83256c207d1d22ce56e8
[2017-10-10 18:01:33.405] [INFO] D:\height\Vue.webapp\server\utils/Wechat - 获取access_token成功 ====>{"access_token":"L6lrpl5CM9YqqJeavbqdQMsXdSpYxpFutY1fvoL_yHqBSoSdKeVEK5wsIrU3S3MzFf9oM7dIuZjkddk-NSbop2R03CwhY-akYSiyODPDOgV8lg8aSJL4cMaPo91iqd0qUGFeAHAYKJ","expires_in":7200}
[2017-10-10 18:01:33.406] [INFO] D:\height\Vue.webapp\server\utils/Wechat - 获取 Ticket 请求参数 ====>https://api.weixin.qq.com/cgi-bin/ticket/getticket?type=jsapi&access_token=L6lrpl5CM9YqqJeavbqdQMsXdSpYxpFutY1fvoL_yHqBSoSdKeVEK5wsIrU3S3MzFf9oM7dIuZjkddk-NSbop2R03CwhY-akYSiyODPDOgV8lg8aSJL4cMaPo91iqd0qUGFeAHAYKJ
[2017-10-10 18:01:33.572] [INFO] D:\height\Vue.webapp\server\utils/Wechat - 获取 Ticket 成功 ====>{"errcode":0,"errmsg":"ok","ticket":"kgt8ON7yVITDhtdwci0qeepCpMa1m0i2WWI7YBDhGNqTQpFQUJ5TvvcrxKxEvfhHngu_u4zvWRA-Sp37gZf7qw","expires_in":7200}
[2017-10-10 18:02:32.549] [INFO] D:\height\Vue.webapp\server\utils/error - url______________________/mdtc/index?redirectURL=/
[2017-10-10 18:02:54.493] [INFO] D:\height\Vue.webapp\server\utils/error - url______________________/mdtc/uc/getUserInfo
[2017-10-10 18:07:05.024] [INFO] D:\height\Vue.webapp\server\utils/server - Listening on port : 10110 with the node_env development
[2017-10-10 18:08:33.532] [INFO] D:\height\Vue.webapp\server\utils/server - Listening on port : 10110 with the node_env development
[2017-10-10 18:22:37.926] [INFO] D:\height\Vue.webapp\server\utils/server - Listening on port : 10110 with the node_env development
[2017-10-10 18:23:08.225] [INFO] D:\height\Vue.webapp\server\utils/error - url______________________/mdtc/index?redirectURL=http:
[2017-10-10 18:23:08.271] [INFO] D:\height\Vue.webapp\server\utils/error - url______________________/mdtc/index?redirectURL=http:
[2017-10-10 18:23:08.281] [INFO] D:\height\Vue.webapp\server\utils/error - url______________________/mdtc/index?redirectURL=http:
[2017-10-10 18:23:08.290] [INFO] D:\height\Vue.webapp\server\utils/error - url______________________/mdtc/index?redirectURL=http:
[2017-10-10 18:23:08.299] [INFO] D:\height\Vue.webapp\server\utils/error - url______________________/mdtc/index?redirectURL=http:
[2017-10-10 18:23:08.307] [INFO] D:\height\Vue.webapp\server\utils/error - url______________________/mdtc/index?redirectURL=http:
[2017-10-10 18:23:08.317] [INFO] D:\height\Vue.webapp\server\utils/error - url______________________/mdtc/index?redirectURL=http:
[2017-10-10 18:23:08.326] [INFO] D:\height\Vue.webapp\server\utils/error - url______________________/mdtc/index?redirectURL=http:
[2017-10-10 18:23:08.337] [INFO] D:\height\Vue.webapp\server\utils/error - url______________________/mdtc/index?redirectURL=http:
[2017-10-10 18:23:08.348] [INFO] D:\height\Vue.webapp\server\utils/error - url______________________/mdtc/index?redirectURL=http:
[2017-10-10 18:23:08.357] [INFO] D:\height\Vue.webapp\server\utils/error - url______________________/mdtc/index?redirectURL=http:
[2017-10-10 18:23:08.367] [INFO] D:\height\Vue.webapp\server\utils/error - url______________________/mdtc/index?redirectURL=http:
[2017-10-10 18:23:08.391] [INFO] D:\height\Vue.webapp\server\utils/error - url______________________/mdtc/index?redirectURL=http:
[2017-10-10 18:23:08.405] [INFO] D:\height\Vue.webapp\server\utils/error - url______________________/mdtc/index?redirectURL=http:
[2017-10-10 18:23:08.414] [INFO] D:\height\Vue.webapp\server\utils/error - url______________________/mdtc/index?redirectURL=http:
[2017-10-10 18:23:08.422] [INFO] D:\height\Vue.webapp\server\utils/error - url______________________/mdtc/index?redirectURL=http:
[2017-10-10 18:23:08.430] [INFO] D:\height\Vue.webapp\server\utils/error - url______________________/mdtc/index?redirectURL=http:
[2017-10-10 18:23:08.439] [INFO] D:\height\Vue.webapp\server\utils/error - url______________________/mdtc/index?redirectURL=http:
[2017-10-10 18:23:08.447] [INFO] D:\height\Vue.webapp\server\utils/error - url______________________/mdtc/index?redirectURL=http:
[2017-10-10 18:23:08.456] [INFO] D:\height\Vue.webapp\server\utils/error - url______________________/mdtc/index?redirectURL=http:
[2017-10-10 18:23:08.465] [INFO] D:\height\Vue.webapp\server\utils/error - url______________________/mdtc/index?redirectURL=http:
[2017-10-10 18:23:19.234] [INFO] D:\height\Vue.webapp\server\utils/error - url______________________/mdtc/index?redirectURL=/
[2017-10-10 18:23:20.937] [INFO] D:\height\Vue.webapp\server\utils/error - url______________________/mdtc/index?redirectURL=/
[2017-10-10 18:23:22.577] [INFO] D:\height\Vue.webapp\server\utils/error - url______________________/mdtc/index?redirectURL=/
[2017-10-10 18:23:40.263] [INFO] D:\height\Vue.webapp\server\utils/server - Listening on port : 10110 with the node_env development
[2017-10-10 18:24:07.172] [INFO] D:\height\Vue.webapp\server\utils/server - Listening on port : 10110 with the node_env development
[2017-10-10 18:24:15.584] [INFO] D:\height\Vue.webapp\server\utils/error - url______________________/mdtc/index?redirectURL=/
[2017-10-10 18:26:41.057] [INFO] D:\height\Vue.webapp\server\utils/error - url______________________/mdtc/index?redirectURL=/
[2017-10-10 18:27:11.987] [INFO] D:\height\Vue.webapp\server\utils/error - url______________________/mdtc/index?redirectURL=
[2017-10-10 18:27:16.226] [INFO] D:\height\Vue.webapp\server\utils/error - url______________________/mdtc/index?redirectURL=/
[2017-10-10 18:27:26.779] [INFO] D:\height\Vue.webapp\server\utils/error - url______________________/mdtc/index?redirectURL=index
[2017-10-10 18:27:26.790] [INFO] D:\height\Vue.webapp\server\utils/error - url______________________/mdtc/index
[2017-10-10 18:27:26.802] [INFO] D:\height\Vue.webapp\server\utils/error - url______________________/mdtc/undefined
[2017-10-10 18:27:33.666] [INFO] D:\height\Vue.webapp\server\utils/error - url______________________/mdtc/index?redirectURL=/idnex
[2017-10-10 18:27:37.931] [INFO] D:\height\Vue.webapp\server\utils/error - url______________________/mdtc/index?redirectURL=/index
[2017-10-10 18:27:42.492] [INFO] D:\height\Vue.webapp\server\utils/error - url______________________/mdtc/index?redirectURL=
[2017-10-10 18:27:54.700] [INFO] D:\height\Vue.webapp\server\utils/error - url______________________/mdtc/index?redirectURL=index
[2017-10-10 18:27:54.713] [INFO] D:\height\Vue.webapp\server\utils/error - url______________________/mdtc/index
[2017-10-10 18:27:54.725] [INFO] D:\height\Vue.webapp\server\utils/error - url______________________/mdtc/undefined
[2017-10-10 18:28:13.916] [INFO] D:\height\Vue.webapp\server\utils/error - url______________________/mdtc/index?redirectURL=/
[2017-10-10 18:34:46.338] [INFO] D:\height\Vue.webapp\server\utils/server - Listening on port : 10110 with the node_env development
[2017-10-10 18:35:03.879] [INFO] D:\height\Vue.webapp\server\utils/error - url______________________/mdtc/index?redirectURL=
[2017-10-10 18:35:09.979] [INFO] D:\height\Vue.webapp\server\utils/error - url______________________/mdtc/index?redirectURL=/
[2017-10-10 18:36:34.650] [INFO] D:\height\Vue.webapp\server\utils/error - url______________________/mdtc/index?redirectURL=/
[2017-10-10 18:49:38.666] [INFO] D:\height\Vue.webapp\server\utils/error - url______________________/mdtc/index?redirectURL=
[2017-10-10 18:49:42.072] [INFO] D:\height\Vue.webapp\server\utils/error - url______________________/mdtc/index?redirectURL=/
[2017-10-10 18:49:42.760] [INFO] D:\height\Vue.webapp\server\utils/error - url______________________/mdtc/uc/getUserInfo
[2017-10-10 18:49:42.786] [INFO] D:\height\Vue.webapp\server\utils/baseAction - responseResult ===>{"code":"000000","message":"业务处理成功!","result":{"user":{"userId":60,"userName":null,"nickName":"Sunshine","userImg":"http://wx.qlogo.cn/mmopen/vi_32/DYAIOgq83epMLp9CibMic0owgeXZGuGy7Fg07EKxhSjTibYZEicyCpyzS7paxShvg0dUkVc58PEMI9csX0Uic0t1BWA/0","custId":0,"email":null,"sex":"2","birthday":null,"phone":"18732186789","loginPwd":null,"unionid":"oG0ZIwL-RZAiK5elgKguVgZ2CepQ","weibouid":null,"address":null,"district":null,"districtCode":null,"loginNum":25,"registerTime":1503907800576,"credits":0,"consumeAmount":0,"pcqquid":null,"qquid":null,"loginTime":1504171959398,"loginIp":"117.78.35.228","status":"1","uuid":null,"channel":"1001","registerTimeStr":"2017-08-28 16:10:00","loginTimeStr":"2017-08-31 17:32:39","channelAmount":0,"channelCredits":0,"account":null,"grade":null,"chatId":22,"userType":null,"isVerifyMember":"2","isAccreditedInvestor":"2","isAuthor":"2","isShopkeeper":"2","isMainGroup":"2","isLeader":"2","userInformation":null,"userNumCount":null,"callNum":null},"grade":{"gradeId":4,"gradeName":"普通会员","startGrade":0,"endGrade":1000,"creator":0,"createTime":1504171323493,"status":"0","imgUrl":"group1/M00/00/02/wKicU1mfmACAF4sbAABym4Xsgsc162.png","num":1,"productAgio":1,"freeAgio":1,"startAgio":0,"creditsMultiple":0,"creditPrice":0,"permissId":"","list":null}}}
[2017-10-10 18:50:34.213] [INFO] D:\height\Vue.webapp\server\utils/error - url______________________/mdtc/uc/getUserInfo
[2017-10-10 18:50:34.227] [INFO] D:\height\Vue.webapp\server\utils/baseAction - responseResult ===>{"code":"000000","message":"业务处理成功!","result":{"user":{"userId":60,"userName":null,"nickName":"Sunshine","userImg":"http://wx.qlogo.cn/mmopen/vi_32/DYAIOgq83epMLp9CibMic0owgeXZGuGy7Fg07EKxhSjTibYZEicyCpyzS7paxShvg0dUkVc58PEMI9csX0Uic0t1BWA/0","custId":0,"email":null,"sex":"2","birthday":null,"phone":"18732186789","loginPwd":null,"unionid":"oG0ZIwL-RZAiK5elgKguVgZ2CepQ","weibouid":null,"address":null,"district":null,"districtCode":null,"loginNum":25,"registerTime":1503907800576,"credits":0,"consumeAmount":0,"pcqquid":null,"qquid":null,"loginTime":1504171959398,"loginIp":"117.78.35.228","status":"1","uuid":null,"channel":"1001","registerTimeStr":"2017-08-28 16:10:00","loginTimeStr":"2017-08-31 17:32:39","channelAmount":0,"channelCredits":0,"account":null,"grade":null,"chatId":22,"userType":null,"isVerifyMember":"2","isAccreditedInvestor":"2","isAuthor":"2","isShopkeeper":"2","isMainGroup":"2","isLeader":"2","userInformation":null,"userNumCount":null,"callNum":null},"grade":{"gradeId":4,"gradeName":"普通会员","startGrade":0,"endGrade":1000,"creator":0,"createTime":1504171323493,"status":"0","imgUrl":"group1/M00/00/02/wKicU1mfmACAF4sbAABym4Xsgsc162.png","num":1,"productAgio":1,"freeAgio":1,"startAgio":0,"creditsMultiple":0,"creditPrice":0,"permissId":"","list":null}}}
[2017-10-10 18:50:35.268] [INFO] D:\height\Vue.webapp\server\utils/error - url______________________/mdtc/uc/getUserInfo
[2017-10-10 18:50:35.278] [INFO] D:\height\Vue.webapp\server\utils/baseAction - responseResult ===>{"code":"000000","message":"业务处理成功!","result":{"user":{"userId":60,"userName":null,"nickName":"Sunshine","userImg":"http://wx.qlogo.cn/mmopen/vi_32/DYAIOgq83epMLp9CibMic0owgeXZGuGy7Fg07EKxhSjTibYZEicyCpyzS7paxShvg0dUkVc58PEMI9csX0Uic0t1BWA/0","custId":0,"email":null,"sex":"2","birthday":null,"phone":"18732186789","loginPwd":null,"unionid":"oG0ZIwL-RZAiK5elgKguVgZ2CepQ","weibouid":null,"address":null,"district":null,"districtCode":null,"loginNum":25,"registerTime":1503907800576,"credits":0,"consumeAmount":0,"pcqquid":null,"qquid":null,"loginTime":1504171959398,"loginIp":"117.78.35.228","status":"1","uuid":null,"channel":"1001","registerTimeStr":"2017-08-28 16:10:00","loginTimeStr":"2017-08-31 17:32:39","channelAmount":0,"channelCredits":0,"account":null,"grade":null,"chatId":22,"userType":null,"isVerifyMember":"2","isAccreditedInvestor":"2","isAuthor":"2","isShopkeeper":"2","isMainGroup":"2","isLeader":"2","userInformation":null,"userNumCount":null,"callNum":null},"grade":{"gradeId":4,"gradeName":"普通会员","startGrade":0,"endGrade":1000,"creator":0,"createTime":1504171323493,"status":"0","imgUrl":"group1/M00/00/02/wKicU1mfmACAF4sbAABym4Xsgsc162.png","num":1,"productAgio":1,"freeAgio":1,"startAgio":0,"creditsMultiple":0,"creditPrice":0,"permissId":"","list":null}}}
[2017-10-10 18:50:46.293] [INFO] D:\height\Vue.webapp\server\utils/error - url______________________/mdtc/uc/getUserInfo
[2017-10-10 18:50:46.300] [INFO] D:\height\Vue.webapp\server\utils/baseAction - responseResult ===>{"code":"000000","message":"业务处理成功!","result":{"user":{"userId":60,"userName":null,"nickName":"Sunshine","userImg":"http://wx.qlogo.cn/mmopen/vi_32/DYAIOgq83epMLp9CibMic0owgeXZGuGy7Fg07EKxhSjTibYZEicyCpyzS7paxShvg0dUkVc58PEMI9csX0Uic0t1BWA/0","custId":0,"email":null,"sex":"2","birthday":null,"phone":"18732186789","loginPwd":null,"unionid":"oG0ZIwL-RZAiK5elgKguVgZ2CepQ","weibouid":null,"address":null,"district":null,"districtCode":null,"loginNum":25,"registerTime":1503907800576,"credits":0,"consumeAmount":0,"pcqquid":null,"qquid":null,"loginTime":1504171959398,"loginIp":"117.78.35.228","status":"1","uuid":null,"channel":"1001","registerTimeStr":"2017-08-28 16:10:00","loginTimeStr":"2017-08-31 17:32:39","channelAmount":0,"channelCredits":0,"account":null,"grade":null,"chatId":22,"userType":null,"isVerifyMember":"2","isAccreditedInvestor":"2","isAuthor":"2","isShopkeeper":"2","isMainGroup":"2","isLeader":"2","userInformation":null,"userNumCount":null,"callNum":null},"grade":{"gradeId":4,"gradeName":"普通会员","startGrade":0,"endGrade":1000,"creator":0,"createTime":1504171323493,"status":"0","imgUrl":"group1/M00/00/02/wKicU1mfmACAF4sbAABym4Xsgsc162.png","num":1,"productAgio":1,"freeAgio":1,"startAgio":0,"creditsMultiple":0,"creditPrice":0,"permissId":"","list":null}}}
[2017-10-10 18:51:16.700] [INFO] D:\height\Vue.webapp\server\utils/error - url______________________/mdtc/uc/getUserInfo
[2017-10-10 18:51:16.712] [INFO] D:\height\Vue.webapp\server\utils/baseAction - responseResult ===>{"code":"000000","message":"业务处理成功!","result":{"user":{"userId":60,"userName":null,"nickName":"Sunshine","userImg":"http://wx.qlogo.cn/mmopen/vi_32/DYAIOgq83epMLp9CibMic0owgeXZGuGy7Fg07EKxhSjTibYZEicyCpyzS7paxShvg0dUkVc58PEMI9csX0Uic0t1BWA/0","custId":0,"email":null,"sex":"2","birthday":null,"phone":"18732186789","loginPwd":null,"unionid":"oG0ZIwL-RZAiK5elgKguVgZ2CepQ","weibouid":null,"address":null,"district":null,"districtCode":null,"loginNum":25,"registerTime":1503907800576,"credits":0,"consumeAmount":0,"pcqquid":null,"qquid":null,"loginTime":1504171959398,"loginIp":"117.78.35.228","status":"1","uuid":null,"channel":"1001","registerTimeStr":"2017-08-28 16:10:00","loginTimeStr":"2017-08-31 17:32:39","channelAmount":0,"channelCredits":0,"account":null,"grade":null,"chatId":22,"userType":null,"isVerifyMember":"2","isAccreditedInvestor":"2","isAuthor":"2","isShopkeeper":"2","isMainGroup":"2","isLeader":"2","userInformation":null,"userNumCount":null,"callNum":null},"grade":{"gradeId":4,"gradeName":"普通会员","startGrade":0,"endGrade":1000,"creator":0,"createTime":1504171323493,"status":"0","imgUrl":"group1/M00/00/02/wKicU1mfmACAF4sbAABym4Xsgsc162.png","num":1,"productAgio":1,"freeAgio":1,"startAgio":0,"creditsMultiple":0,"creditPrice":0,"permissId":"","list":null}}}
[2017-10-10 18:51:17.463] [INFO] D:\height\Vue.webapp\server\utils/error - url______________________/mdtc/uc/getUserInfo
[2017-10-10 18:51:17.474] [INFO] D:\height\Vue.webapp\server\utils/baseAction - responseResult ===>{"code":"000000","message":"业务处理成功!","result":{"user":{"userId":60,"userName":null,"nickName":"Sunshine","userImg":"http://wx.qlogo.cn/mmopen/vi_32/DYAIOgq83epMLp9CibMic0owgeXZGuGy7Fg07EKxhSjTibYZEicyCpyzS7paxShvg0dUkVc58PEMI9csX0Uic0t1BWA/0","custId":0,"email":null,"sex":"2","birthday":null,"phone":"18732186789","loginPwd":null,"unionid":"oG0ZIwL-RZAiK5elgKguVgZ2CepQ","weibouid":null,"address":null,"district":null,"districtCode":null,"loginNum":25,"registerTime":1503907800576,"credits":0,"consumeAmount":0,"pcqquid":null,"qquid":null,"loginTime":1504171959398,"loginIp":"117.78.35.228","status":"1","uuid":null,"channel":"1001","registerTimeStr":"2017-08-28 16:10:00","loginTimeStr":"2017-08-31 17:32:39","channelAmount":0,"channelCredits":0,"account":null,"grade":null,"chatId":22,"userType":null,"isVerifyMember":"2","isAccreditedInvestor":"2","isAuthor":"2","isShopkeeper":"2","isMainGroup":"2","isLeader":"2","userInformation":null,"userNumCount":null,"callNum":null},"grade":{"gradeId":4,"gradeName":"普通会员","startGrade":0,"endGrade":1000,"creator":0,"createTime":1504171323493,"status":"0","imgUrl":"group1/M00/00/02/wKicU1mfmACAF4sbAABym4Xsgsc162.png","num":1,"productAgio":1,"freeAgio":1,"startAgio":0,"creditsMultiple":0,"creditPrice":0,"permissId":"","list":null}}}
[2017-10-10 18:54:42.488] [INFO] D:\height\Vue.webapp\server\utils/error - url______________________/mdtc/uc/getUserInfo
[2017-10-10 18:54:42.501] [INFO] D:\height\Vue.webapp\server\utils/baseAction - responseResult ===>{"code":"000000","message":"业务处理成功!","result":{"user":{"userId":60,"userName":null,"nickName":"Sunshine","userImg":"http://wx.qlogo.cn/mmopen/vi_32/DYAIOgq83epMLp9CibMic0owgeXZGuGy7Fg07EKxhSjTibYZEicyCpyzS7paxShvg0dUkVc58PEMI9csX0Uic0t1BWA/0","custId":0,"email":null,"sex":"2","birthday":null,"phone":"18732186789","loginPwd":null,"unionid":"oG0ZIwL-RZAiK5elgKguVgZ2CepQ","weibouid":null,"address":null,"district":null,"districtCode":null,"loginNum":25,"registerTime":1503907800576,"credits":0,"consumeAmount":0,"pcqquid":null,"qquid":null,"loginTime":1504171959398,"loginIp":"117.78.35.228","status":"1","uuid":null,"channel":"1001","registerTimeStr":"2017-08-28 16:10:00","loginTimeStr":"2017-08-31 17:32:39","channelAmount":0,"channelCredits":0,"account":null,"grade":null,"chatId":22,"userType":null,"isVerifyMember":"2","isAccreditedInvestor":"2","isAuthor":"2","isShopkeeper":"2","isMainGroup":"2","isLeader":"2","userInformation":null,"userNumCount":null,"callNum":null},"grade":{"gradeId":4,"gradeName":"普通会员","startGrade":0,"endGrade":1000,"creator":0,"createTime":1504171323493,"status":"0","imgUrl":"group1/M00/00/02/wKicU1mfmACAF4sbAABym4Xsgsc162.png","num":1,"productAgio":1,"freeAgio":1,"startAgio":0,"creditsMultiple":0,"creditPrice":0,"permissId":"","list":null}}}
[2017-10-10 18:54:48.517] [INFO] D:\height\Vue.webapp\server\utils/error - url______________________/mdtc/uc/getUserInfo
[2017-10-10 18:54:48.529] [INFO] D:\height\Vue.webapp\server\utils/baseAction - responseResult ===>{"code":"000000","message":"业务处理成功!","result":{"user":{"userId":60,"userName":null,"nickName":"Sunshine","userImg":"http://wx.qlogo.cn/mmopen/vi_32/DYAIOgq83epMLp9CibMic0owgeXZGuGy7Fg07EKxhSjTibYZEicyCpyzS7paxShvg0dUkVc58PEMI9csX0Uic0t1BWA/0","custId":0,"email":null,"sex":"2","birthday":null,"phone":"18732186789","loginPwd":null,"unionid":"oG0ZIwL-RZAiK5elgKguVgZ2CepQ","weibouid":null,"address":null,"district":null,"districtCode":null,"loginNum":25,"registerTime":1503907800576,"credits":0,"consumeAmount":0,"pcqquid":null,"qquid":null,"loginTime":1504171959398,"loginIp":"117.78.35.228","status":"1","uuid":null,"channel":"1001","registerTimeStr":"2017-08-28 16:10:00","loginTimeStr":"2017-08-31 17:32:39","channelAmount":0,"channelCredits":0,"account":null,"grade":null,"chatId":22,"userType":null,"isVerifyMember":"2","isAccreditedInvestor":"2","isAuthor":"2","isShopkeeper":"2","isMainGroup":"2","isLeader":"2","userInformation":null,"userNumCount":null,"callNum":null},"grade":{"gradeId":4,"gradeName":"普通会员","startGrade":0,"endGrade":1000,"creator":0,"createTime":1504171323493,"status":"0","imgUrl":"group1/M00/00/02/wKicU1mfmACAF4sbAABym4Xsgsc162.png","num":1,"productAgio":1,"freeAgio":1,"startAgio":0,"creditsMultiple":0,"creditPrice":0,"permissId":"","list":null}}}
[2017-10-10 18:55:31.053] [INFO] D:\height\Vue.webapp\server\utils/error - url______________________/mdtc/uc/getUserInfo
[2017-10-10 18:55:31.065] [INFO] D:\height\Vue.webapp\server\utils/baseAction - responseResult ===>{"code":"000000","message":"业务处理成功!","result":{"user":{"userId":60,"userName":null,"nickName":"Sunshine","userImg":"http://wx.qlogo.cn/mmopen/vi_32/DYAIOgq83epMLp9CibMic0owgeXZGuGy7Fg07EKxhSjTibYZEicyCpyzS7paxShvg0dUkVc58PEMI9csX0Uic0t1BWA/0","custId":0,"email":null,"sex":"2","birthday":null,"phone":"18732186789","loginPwd":null,"unionid":"oG0ZIwL-RZAiK5elgKguVgZ2CepQ","weibouid":null,"address":null,"district":null,"districtCode":null,"loginNum":25,"registerTime":1503907800576,"credits":0,"consumeAmount":0,"pcqquid":null,"qquid":null,"loginTime":1504171959398,"loginIp":"117.78.35.228","status":"1","uuid":null,"channel":"1001","registerTimeStr":"2017-08-28 16:10:00","loginTimeStr":"2017-08-31 17:32:39","channelAmount":0,"channelCredits":0,"account":null,"grade":null,"chatId":22,"userType":null,"isVerifyMember":"2","isAccreditedInvestor":"2","isAuthor":"2","isShopkeeper":"2","isMainGroup":"2","isLeader":"2","userInformation":null,"userNumCount":null,"callNum":null},"grade":{"gradeId":4,"gradeName":"普通会员","startGrade":0,"endGrade":1000,"creator":0,"createTime":1504171323493,"status":"0","imgUrl":"group1/M00/00/02/wKicU1mfmACAF4sbAABym4Xsgsc162.png","num":1,"productAgio":1,"freeAgio":1,"startAgio":0,"creditsMultiple":0,"creditPrice":0,"permissId":"","list":null}}}
[2017-10-10 18:55:31.215] [INFO] D:\height\Vue.webapp\server\utils/error - url______________________/mdtc/uc/getUserInfo
[2017-10-10 18:55:31.224] [INFO] D:\height\Vue.webapp\server\utils/baseAction - responseResult ===>{"code":"000000","message":"业务处理成功!","result":{"user":{"userId":60,"userName":null,"nickName":"Sunshine","userImg":"http://wx.qlogo.cn/mmopen/vi_32/DYAIOgq83epMLp9CibMic0owgeXZGuGy7Fg07EKxhSjTibYZEicyCpyzS7paxShvg0dUkVc58PEMI9csX0Uic0t1BWA/0","custId":0,"email":null,"sex":"2","birthday":null,"phone":"18732186789","loginPwd":null,"unionid":"oG0ZIwL-RZAiK5elgKguVgZ2CepQ","weibouid":null,"address":null,"district":null,"districtCode":null,"loginNum":25,"registerTime":1503907800576,"credits":0,"consumeAmount":0,"pcqquid":null,"qquid":null,"loginTime":1504171959398,"loginIp":"117.78.35.228","status":"1","uuid":null,"channel":"1001","registerTimeStr":"2017-08-28 16:10:00","loginTimeStr":"2017-08-31 17:32:39","channelAmount":0,"channelCredits":0,"account":null,"grade":null,"chatId":22,"userType":null,"isVerifyMember":"2","isAccreditedInvestor":"2","isAuthor":"2","isShopkeeper":"2","isMainGroup":"2","isLeader":"2","userInformation":null,"userNumCount":null,"callNum":null},"grade":{"gradeId":4,"gradeName":"普通会员","startGrade":0,"endGrade":1000,"creator":0,"createTime":1504171323493,"status":"0","imgUrl":"group1/M00/00/02/wKicU1mfmACAF4sbAABym4Xsgsc162.png","num":1,"productAgio":1,"freeAgio":1,"startAgio":0,"creditsMultiple":0,"creditPrice":0,"permissId":"","list":null}}}
[2017-10-10 18:55:45.138] [INFO] D:\height\Vue.webapp\server\utils/error - url______________________/mdtc/uc/getUserInfo
[2017-10-10 18:55:45.150] [INFO] D:\height\Vue.webapp\server\utils/baseAction - responseResult ===>{"code":"000000","message":"业务处理成功!","result":{"user":{"userId":60,"userName":null,"nickName":"Sunshine","userImg":"http://wx.qlogo.cn/mmopen/vi_32/DYAIOgq83epMLp9CibMic0owgeXZGuGy7Fg07EKxhSjTibYZEicyCpyzS7paxShvg0dUkVc58PEMI9csX0Uic0t1BWA/0","custId":0,"email":null,"sex":"2","birthday":null,"phone":"18732186789","loginPwd":null,"unionid":"oG0ZIwL-RZAiK5elgKguVgZ2CepQ","weibouid":null,"address":null,"district":null,"districtCode":null,"loginNum":25,"registerTime":1503907800576,"credits":0,"consumeAmount":0,"pcqquid":null,"qquid":null,"loginTime":1504171959398,"loginIp":"117.78.35.228","status":"1","uuid":null,"channel":"1001","registerTimeStr":"2017-08-28 16:10:00","loginTimeStr":"2017-08-31 17:32:39","channelAmount":0,"channelCredits":0,"account":null,"grade":null,"chatId":22,"userType":null,"isVerifyMember":"2","isAccreditedInvestor":"2","isAuthor":"2","isShopkeeper":"2","isMainGroup":"2","isLeader":"2","userInformation":null,"userNumCount":null,"callNum":null},"grade":{"gradeId":4,"gradeName":"普通会员","startGrade":0,"endGrade":1000,"creator":0,"createTime":1504171323493,"status":"0","imgUrl":"group1/M00/00/02/wKicU1mfmACAF4sbAABym4Xsgsc162.png","num":1,"productAgio":1,"freeAgio":1,"startAgio":0,"creditsMultiple":0,"creditPrice":0,"permissId":"","list":null}}}
[2017-10-10 18:56:09.776] [INFO] D:\height\Vue.webapp\server\utils/error - url______________________/mdtc/index?redirectURL=/
[2017-10-10 18:56:17.968] [INFO] D:\height\Vue.webapp\server\utils/error - url______________________/mdtc/index?redirectURL=/
[2017-10-10 18:58:26.530] [INFO] D:\height\Vue.webapp\server\utils/error - url______________________/mdtc/index?redirectURL=/
[2017-10-10 18:58:27.246] [INFO] D:\height\Vue.webapp\server\utils/error - url______________________/mdtc/uc/getUserInfo
[2017-10-10 18:58:27.256] [INFO] D:\height\Vue.webapp\server\utils/baseAction - responseResult ===>{"code":"000000","message":"业务处理成功!","result":{"user":{"userId":60,"userName":null,"nickName":"Sunshine","userImg":"http://wx.qlogo.cn/mmopen/vi_32/DYAIOgq83epMLp9CibMic0owgeXZGuGy7Fg07EKxhSjTibYZEicyCpyzS7paxShvg0dUkVc58PEMI9csX0Uic0t1BWA/0","custId":0,"email":null,"sex":"2","birthday":null,"phone":"18732186789","loginPwd":null,"unionid":"oG0ZIwL-RZAiK5elgKguVgZ2CepQ","weibouid":null,"address":null,"district":null,"districtCode":null,"loginNum":25,"registerTime":1503907800576,"credits":0,"consumeAmount":0,"pcqquid":null,"qquid":null,"loginTime":1504171959398,"loginIp":"117.78.35.228","status":"1","uuid":null,"channel":"1001","registerTimeStr":"2017-08-28 16:10:00","loginTimeStr":"2017-08-31 17:32:39","channelAmount":0,"channelCredits":0,"account":null,"grade":null,"chatId":22,"userType":null,"isVerifyMember":"2","isAccreditedInvestor":"2","isAuthor":"2","isShopkeeper":"2","isMainGroup":"2","isLeader":"2","userInformation":null,"userNumCount":null,"callNum":null},"grade":{"gradeId":4,"gradeName":"普通会员","startGrade":0,"endGrade":1000,"creator":0,"createTime":1504171323493,"status":"0","imgUrl":"group1/M00/00/02/wKicU1mfmACAF4sbAABym4Xsgsc162.png","num":1,"productAgio":1,"freeAgio":1,"startAgio":0,"creditsMultiple":0,"creditPrice":0,"permissId":"","list":null}}}
[2017-10-10 18:58:34.456] [INFO] D:\height\Vue.webapp\server\utils/error - url______________________/mdtc/uc/getUserInfo
[2017-10-10 18:58:34.467] [INFO] D:\height\Vue.webapp\server\utils/baseAction - responseResult ===>{"code":"000000","message":"业务处理成功!","result":{"user":{"userId":60,"userName":null,"nickName":"Sunshine","userImg":"http://wx.qlogo.cn/mmopen/vi_32/DYAIOgq83epMLp9CibMic0owgeXZGuGy7Fg07EKxhSjTibYZEicyCpyzS7paxShvg0dUkVc58PEMI9csX0Uic0t1BWA/0","custId":0,"email":null,"sex":"2","birthday":null,"phone":"18732186789","loginPwd":null,"unionid":"oG0ZIwL-RZAiK5elgKguVgZ2CepQ","weibouid":null,"address":null,"district":null,"districtCode":null,"loginNum":25,"registerTime":1503907800576,"credits":0,"consumeAmount":0,"pcqquid":null,"qquid":null,"loginTime":1504171959398,"loginIp":"117.78.35.228","status":"1","uuid":null,"channel":"1001","registerTimeStr":"2017-08-28 16:10:00","loginTimeStr":"2017-08-31 17:32:39","channelAmount":0,"channelCredits":0,"account":null,"grade":null,"chatId":22,"userType":null,"isVerifyMember":"2","isAccreditedInvestor":"2","isAuthor":"2","isShopkeeper":"2","isMainGroup":"2","isLeader":"2","userInformation":null,"userNumCount":null,"callNum":null},"grade":{"gradeId":4,"gradeName":"普通会员","startGrade":0,"endGrade":1000,"creator":0,"createTime":1504171323493,"status":"0","imgUrl":"group1/M00/00/02/wKicU1mfmACAF4sbAABym4Xsgsc162.png","num":1,"productAgio":1,"freeAgio":1,"startAgio":0,"creditsMultiple":0,"creditPrice":0,"permissId":"","list":null}}}
[2017-10-10 19:11:41.600] [INFO] D:\height\Vue.webapp\server\utils/error - url______________________/mdtc/uc/getUserInfo
[2017-10-10 19:11:41.611] [INFO] D:\height\Vue.webapp\server\utils/baseAction - responseResult ===>{"code":"000000","message":"业务处理成功!","result":{"user":{"userId":60,"userName":null,"nickName":"Sunshine","userImg":"http://wx.qlogo.cn/mmopen/vi_32/DYAIOgq83epMLp9CibMic0owgeXZGuGy7Fg07EKxhSjTibYZEicyCpyzS7paxShvg0dUkVc58PEMI9csX0Uic0t1BWA/0","custId":0,"email":null,"sex":"2","birthday":null,"phone":"18732186789","loginPwd":null,"unionid":"oG0ZIwL-RZAiK5elgKguVgZ2CepQ","weibouid":null,"address":null,"district":null,"districtCode":null,"loginNum":25,"registerTime":1503907800576,"credits":0,"consumeAmount":0,"pcqquid":null,"qquid":null,"loginTime":1504171959398,"loginIp":"117.78.35.228","status":"1","uuid":null,"channel":"1001","registerTimeStr":"2017-08-28 16:10:00","loginTimeStr":"2017-08-31 17:32:39","channelAmount":0,"channelCredits":0,"account":null,"grade":null,"chatId":22,"userType":null,"isVerifyMember":"2","isAccreditedInvestor":"2","isAuthor":"2","isShopkeeper":"2","isMainGroup":"2","isLeader":"2","userInformation":null,"userNumCount":null,"callNum":null},"grade":{"gradeId":4,"gradeName":"普通会员","startGrade":0,"endGrade":1000,"creator":0,"createTime":1504171323493,"status":"0","imgUrl":"group1/M00/00/02/wKicU1mfmACAF4sbAABym4Xsgsc162.png","num":1,"productAgio":1,"freeAgio":1,"startAgio":0,"creditsMultiple":0,"creditPrice":0,"permissId":"","list":null}}}
[2017-10-10 19:11:42.750] [INFO] D:\height\Vue.webapp\server\utils/error - url______________________/mdtc/uc/getUserInfo
[2017-10-10 19:11:42.758] [INFO] D:\height\Vue.webapp\server\utils/baseAction - responseResult ===>{"code":"000000","message":"业务处理成功!","result":{"user":{"userId":60,"userName":null,"nickName":"Sunshine","userImg":"http://wx.qlogo.cn/mmopen/vi_32/DYAIOgq83epMLp9CibMic0owgeXZGuGy7Fg07EKxhSjTibYZEicyCpyzS7paxShvg0dUkVc58PEMI9csX0Uic0t1BWA/0","custId":0,"email":null,"sex":"2","birthday":null,"phone":"18732186789","loginPwd":null,"unionid":"oG0ZIwL-RZAiK5elgKguVgZ2CepQ","weibouid":null,"address":null,"district":null,"districtCode":null,"loginNum":25,"registerTime":1503907800576,"credits":0,"consumeAmount":0,"pcqquid":null,"qquid":null,"loginTime":1504171959398,"loginIp":"117.78.35.228","status":"1","uuid":null,"channel":"1001","registerTimeStr":"2017-08-28 16:10:00","loginTimeStr":"2017-08-31 17:32:39","channelAmount":0,"channelCredits":0,"account":null,"grade":null,"chatId":22,"userType":null,"isVerifyMember":"2","isAccreditedInvestor":"2","isAuthor":"2","isShopkeeper":"2","isMainGroup":"2","isLeader":"2","userInformation":null,"userNumCount":null,"callNum":null},"grade":{"gradeId":4,"gradeName":"普通会员","startGrade":0,"endGrade":1000,"creator":0,"createTime":1504171323493,"status":"0","imgUrl":"group1/M00/00/02/wKicU1mfmACAF4sbAABym4Xsgsc162.png","num":1,"productAgio":1,"freeAgio":1,"startAgio":0,"creditsMultiple":0,"creditPrice":0,"permissId":"","list":null}}}
