[2018-04-13 09:16:17.855] [INFO] D:\height\Vue.webapp\server\utils/error - url______________________/mdtc/uc/getUserInfo
[2018-04-13 09:16:17.857] [INFO] D:\height\Vue.webapp\server\utils/baseAction - responseResult ===>{"code":"000000","message":"业务处理成功!","result":{}}
[2018-04-13 09:16:20.942] [INFO] D:\height\Vue.webapp\server\utils/error - url______________________/mdtc/uc/getUserInfo
[2018-04-13 09:16:20.944] [INFO] D:\height\Vue.webapp\server\utils/baseAction - responseResult ===>{"code":"000000","message":"业务处理成功!","result":{}}
[2018-04-13 09:23:00.183] [INFO] D:\height\Vue.webapp\server\utils/error - url______________________/mdtc/uc/getUserInfo
[2018-04-13 09:23:00.185] [INFO] D:\height\Vue.webapp\server\utils/baseAction - responseResult ===>{"code":"000000","message":"业务处理成功!","result":{}}
[2018-04-13 09:23:54.513] [INFO] D:\height\Vue.webapp\server\utils/error - url______________________/mdtc/uc/getUserInfo
[2018-04-13 09:23:54.515] [INFO] D:\height\Vue.webapp\server\utils/baseAction - responseResult ===>{"code":"000000","message":"业务处理成功!","result":{}}
[2018-04-13 09:23:57.734] [INFO] D:\height\Vue.webapp\server\utils/error - url______________________/mdtc/uc/getUserInfo
[2018-04-13 09:23:57.735] [INFO] D:\height\Vue.webapp\server\utils/baseAction - responseResult ===>{"code":"000000","message":"业务处理成功!","result":{}}
[2018-04-13 09:25:57.519] [INFO] D:\height\Vue.webapp\server\utils/error - url______________________/mdtc/uc/getUserInfo
[2018-04-13 09:25:57.520] [INFO] D:\height\Vue.webapp\server\utils/baseAction - responseResult ===>{"code":"000000","message":"业务处理成功!","result":{}}
[2018-04-13 09:40:29.336] [INFO] D:\height\Vue.webapp\server\utils/error - url______________________/mdtc/uc/getUserInfo
[2018-04-13 09:40:29.338] [INFO] D:\height\Vue.webapp\server\utils/baseAction - responseResult ===>{"code":"000000","message":"业务处理成功!","result":{}}
[2018-04-13 09:40:35.845] [INFO] D:\height\Vue.webapp\server\utils/error - url______________________/mdtc/uc/getUserInfo
[2018-04-13 09:40:35.846] [INFO] D:\height\Vue.webapp\server\utils/baseAction - responseResult ===>{"code":"000000","message":"业务处理成功!","result":{}}
[2018-04-13 09:43:26.770] [INFO] D:\height\Vue.webapp\server\utils/error - url______________________/mdtc/uc/getUserInfo
[2018-04-13 09:43:26.772] [INFO] D:\height\Vue.webapp\server\utils/baseAction - responseResult ===>{"code":"000000","message":"业务处理成功!","result":{}}
[2018-04-13 09:44:26.564] [INFO] D:\height\Vue.webapp\server\utils/error - url______________________/mdtc/uc/getUserInfo
[2018-04-13 09:44:26.565] [INFO] D:\height\Vue.webapp\server\utils/baseAction - responseResult ===>{"code":"000000","message":"业务处理成功!","result":{}}
[2018-04-13 09:44:31.161] [INFO] D:\height\Vue.webapp\server\utils/error - url______________________/mdtc/uc/getUserInfo
[2018-04-13 09:44:31.162] [INFO] D:\height\Vue.webapp\server\utils/baseAction - responseResult ===>{"code":"000000","message":"业务处理成功!","result":{}}
[2018-04-13 09:46:02.171] [INFO] D:\height\Vue.webapp\server\utils/error - url______________________/mdtc/uc/getUserInfo
[2018-04-13 09:46:02.173] [INFO] D:\height\Vue.webapp\server\utils/baseAction - responseResult ===>{"code":"000000","message":"业务处理成功!","result":{}}
[2018-04-13 09:48:10.871] [INFO] D:\height\Vue.webapp\server\utils/error - url______________________/mdtc/uc/getUserInfo
[2018-04-13 09:48:10.873] [INFO] D:\height\Vue.webapp\server\utils/baseAction - responseResult ===>{"code":"000000","message":"业务处理成功!","result":{}}
[2018-04-13 09:52:25.319] [INFO] D:\height\Vue.webapp\server\utils/error - url______________________/mdtc/uc/getUserInfo
[2018-04-13 09:52:25.321] [INFO] D:\height\Vue.webapp\server\utils/baseAction - responseResult ===>{"code":"000000","message":"业务处理成功!","result":{}}
[2018-04-13 09:52:40.963] [INFO] D:\height\Vue.webapp\server\utils/error - url______________________/mdtc/uc/getUserInfo
[2018-04-13 09:52:40.965] [INFO] D:\height\Vue.webapp\server\utils/baseAction - responseResult ===>{"code":"000000","message":"业务处理成功!","result":{}}
[2018-04-13 09:53:06.838] [INFO] D:\height\Vue.webapp\server\utils/error - url______________________/mdtc/uc/getUserInfo
[2018-04-13 09:53:06.840] [INFO] D:\height\Vue.webapp\server\utils/baseAction - responseResult ===>{"code":"000000","message":"业务处理成功!","result":{}}
[2018-04-13 09:53:30.556] [INFO] D:\height\Vue.webapp\server\utils/error - url______________________/mdtc/uc/getUserInfo
[2018-04-13 09:53:30.557] [INFO] D:\height\Vue.webapp\server\utils/baseAction - responseResult ===>{"code":"000000","message":"业务处理成功!","result":{}}
[2018-04-13 09:56:30.811] [INFO] D:\height\Vue.webapp\server\utils/error - url______________________/mdtc/uc/getUserInfo
[2018-04-13 09:56:30.811] [INFO] D:\height\Vue.webapp\server\utils/baseAction - responseResult ===>{"code":"000000","message":"业务处理成功!","result":{}}
[2018-04-13 09:57:17.827] [INFO] D:\height\Vue.webapp\server\utils/error - url______________________/mdtc/uc/getUserInfo
[2018-04-13 09:57:17.830] [INFO] D:\height\Vue.webapp\server\utils/baseAction - responseResult ===>{"code":"000000","message":"业务处理成功!","result":{}}
[2018-04-13 09:57:17.835] [INFO] D:\height\Vue.webapp\server\utils/error - url______________________/mdtc/uc/getUserInfo
[2018-04-13 09:57:17.837] [INFO] D:\height\Vue.webapp\server\utils/baseAction - responseResult ===>{"code":"000000","message":"业务处理成功!","result":{}}
[2018-04-13 09:57:21.067] [INFO] D:\height\Vue.webapp\server\utils/error - url______________________/mdtc/uc/getUserInfo
[2018-04-13 09:57:21.068] [INFO] D:\height\Vue.webapp\server\utils/baseAction - responseResult ===>{"code":"000000","message":"业务处理成功!","result":{}}
[2018-04-13 09:57:35.593] [INFO] D:\height\Vue.webapp\server\utils/error - url______________________/mdtc/uc/getUserInfo
[2018-04-13 09:57:35.594] [INFO] D:\height\Vue.webapp\server\utils/baseAction - responseResult ===>{"code":"000000","message":"业务处理成功!","result":{}}
[2018-04-13 09:58:00.417] [INFO] D:\height\Vue.webapp\server\utils/error - url______________________/mdtc/uc/getUserInfo
[2018-04-13 09:58:00.419] [INFO] D:\height\Vue.webapp\server\utils/baseAction - responseResult ===>{"code":"000000","message":"业务处理成功!","result":{}}
[2018-04-13 09:58:00.423] [INFO] D:\height\Vue.webapp\server\utils/error - url______________________/mdtc/uc/getUserInfo
[2018-04-13 09:58:00.424] [INFO] D:\height\Vue.webapp\server\utils/baseAction - responseResult ===>{"code":"000000","message":"业务处理成功!","result":{}}
[2018-04-13 09:58:40.352] [INFO] D:\height\Vue.webapp\server\utils/error - url______________________/mdtc/uc/getUserInfo
[2018-04-13 09:58:40.354] [INFO] D:\height\Vue.webapp\server\utils/baseAction - responseResult ===>{"code":"000000","message":"业务处理成功!","result":{}}
[2018-04-13 09:58:40.377] [INFO] D:\height\Vue.webapp\server\utils/error - url______________________/mdtc/uc/getUserInfo
[2018-04-13 09:58:40.379] [INFO] D:\height\Vue.webapp\server\utils/baseAction - responseResult ===>{"code":"000000","message":"业务处理成功!","result":{}}
[2018-04-13 10:17:54.251] [INFO] D:\height\Vue.webapp\server\utils/error - url______________________/mdtc/uc/getUserInfo
[2018-04-13 10:17:54.253] [INFO] D:\height\Vue.webapp\server\utils/baseAction - responseResult ===>{"code":"000000","message":"业务处理成功!","result":{}}
[2018-04-13 10:19:23.577] [INFO] D:\height\Vue.webapp\server\utils/error - url______________________/mdtc/uc/getUserInfo
[2018-04-13 10:19:23.579] [INFO] D:\height\Vue.webapp\server\utils/baseAction - responseResult ===>{"code":"000000","message":"业务处理成功!","result":{}}
[2018-04-13 10:19:23.643] [INFO] D:\height\Vue.webapp\server\utils/error - url______________________/mdtc/uc/getUserInfo
[2018-04-13 10:19:23.646] [INFO] D:\height\Vue.webapp\server\utils/baseAction - responseResult ===>{"code":"000000","message":"业务处理成功!","result":{}}
[2018-04-13 10:19:28.690] [INFO] D:\height\Vue.webapp\server\utils/error - url______________________/mdtc/uc/getUserInfo
[2018-04-13 10:19:28.693] [INFO] D:\height\Vue.webapp\server\utils/error - url______________________/mdtc/uc/getUserInfo
[2018-04-13 10:19:28.695] [INFO] D:\height\Vue.webapp\server\utils/baseAction - responseResult ===>{"code":"000000","message":"业务处理成功!","result":{}}
[2018-04-13 10:19:28.696] [INFO] D:\height\Vue.webapp\server\utils/baseAction - responseResult ===>{"code":"000000","message":"业务处理成功!","result":{}}
[2018-04-13 10:19:31.800] [INFO] D:\height\Vue.webapp\server\utils/error - url______________________/mdtc/uc/getUserInfo
[2018-04-13 10:19:31.802] [INFO] D:\height\Vue.webapp\server\utils/baseAction - responseResult ===>{"code":"000000","message":"业务处理成功!","result":{}}
[2018-04-13 10:19:36.026] [INFO] D:\height\Vue.webapp\server\utils/error - url______________________/mdtc/uc/getUserInfo
[2018-04-13 10:19:36.027] [INFO] D:\height\Vue.webapp\server\utils/baseAction - responseResult ===>{"code":"000000","message":"业务处理成功!","result":{}}
[2018-04-13 10:19:44.926] [INFO] D:\height\Vue.webapp\server\utils/error - url______________________/mdtc/uc/getUserInfo
[2018-04-13 10:19:44.929] [INFO] D:\height\Vue.webapp\server\utils/baseAction - responseResult ===>{"code":"000000","message":"业务处理成功!","result":{}}
[2018-04-13 10:19:44.963] [INFO] D:\height\Vue.webapp\server\utils/error - url______________________/mdtc/uc/getUserInfo
[2018-04-13 10:19:44.965] [INFO] D:\height\Vue.webapp\server\utils/baseAction - responseResult ===>{"code":"000000","message":"业务处理成功!","result":{}}
[2018-04-13 10:21:00.795] [INFO] D:\height\Vue.webapp\server\utils/error - url______________________/mdtc/uc/getUserInfo
[2018-04-13 10:21:00.797] [INFO] D:\height\Vue.webapp\server\utils/baseAction - responseResult ===>{"code":"000000","message":"业务处理成功!","result":{}}
[2018-04-13 10:21:00.819] [INFO] D:\height\Vue.webapp\server\utils/error - url______________________/mdtc/uc/getUserInfo
[2018-04-13 10:21:00.823] [INFO] D:\height\Vue.webapp\server\utils/baseAction - responseResult ===>{"code":"000000","message":"业务处理成功!","result":{}}
[2018-04-13 10:21:02.330] [INFO] D:\height\Vue.webapp\server\utils/error - url______________________/mdtc/uc/getUserInfo
[2018-04-13 10:21:02.333] [INFO] D:\height\Vue.webapp\server\utils/baseAction - responseResult ===>{"code":"000000","message":"业务处理成功!","result":{}}
[2018-04-13 10:23:16.341] [INFO] D:\height\Vue.webapp\server\utils/error - url______________________/mdtc/uc/getUserInfo
[2018-04-13 10:23:16.343] [INFO] D:\height\Vue.webapp\server\utils/baseAction - responseResult ===>{"code":"000000","message":"业务处理成功!","result":{}}
[2018-04-13 10:25:34.160] [INFO] D:\height\Vue.webapp\server\utils/server - Listening on port : 10110 with the node_env development
[2018-04-13 10:25:34.185] [INFO] D:\height\Vue.webapp\server\utils/Wechat - 获取access_token请求参数 ====>https://api.weixin.qq.com/cgi-bin/token?grant_type=client_credential&appid=wxd5bb187027ae5605&secret=68091a7af77b83256c207d1d22ce56e8
[2018-04-13 10:25:34.436] [INFO] D:\height\Vue.webapp\server\utils/Wechat - 获取access_token成功 ====>{"access_token":"8_xtnwynNKpJ75ROcSuxWXMxmSSHBTFLUkztI0CGmrHHJpfDbgQNCjmI8hWJUqiiXnA2lkLJwwSSNrNDYfs4tSoZPKbSeulQ1WXFoUIHOaC84V4zqv66lF3Kph1A4snrslsn9tC61x-v_FGTZwUANbADAKQD","expires_in":7200}
[2018-04-13 10:25:34.436] [INFO] D:\height\Vue.webapp\server\utils/Wechat - 获取 Ticket 请求参数 ====>https://api.weixin.qq.com/cgi-bin/ticket/getticket?type=jsapi&access_token=8_xtnwynNKpJ75ROcSuxWXMxmSSHBTFLUkztI0CGmrHHJpfDbgQNCjmI8hWJUqiiXnA2lkLJwwSSNrNDYfs4tSoZPKbSeulQ1WXFoUIHOaC84V4zqv66lF3Kph1A4snrslsn9tC61x-v_FGTZwUANbADAKQD
[2018-04-13 10:25:34.582] [INFO] D:\height\Vue.webapp\server\utils/Wechat - 获取 Ticket 成功 ====>{"errcode":0,"errmsg":"ok","ticket":"kgt8ON7yVITDhtdwci0qeepCpMa1m0i2WWI7YBDhGNr_A8qQzPR5QmBlP8LLv3CT2bTJhjquLSvf9Opwe6EPxg","expires_in":7200}
[2018-04-13 10:25:38.204] [INFO] D:\height\Vue.webapp\server\utils/error - url______________________/mdtc/uc/getUserInfo
[2018-04-13 10:25:38.221] [INFO] D:\height\Vue.webapp\server\utils/baseAction - responseResult ===>{"code":"000000","message":"业务处理成功!","result":{"user":{"userId":1036,"chatId":0,"userName":"吴锐","nickName":"奇超","userImg":null,"phone":"13932952736","email":"m13932952737@163.com","birthday":"1980-01-01","address":null,"district":null,"districtCode":null,"registerTime":1510823305423,"registerTimeStr":"2017-11-16 17:08:25","credits":0,"uuid":null,"unionid":"oig_pwMK510Q6P6sYnI5Uvwx54xc","pcqquid":null,"qquid":null,"loginPwd":null,"loginIp":"223.223.202.229","loginTime":1510823305451,"loginTimeStr":"2017-11-16 17:08:25","loginNum":1,"status":"1","channel":"1001","customerId":"D50F39DA-7032-4576-BC21-57DC2F15BA6C","sexCode":"1","sexName":"男","idCode":"01","idNumber":"510502197202240718","nationCode":null,"nationName":null,"countryCode":null,"countryName":null,"educationalCode":null,"educationalName":null,"occupationCode":null,"occupationName":null,"provinceCode":null,"cityCode":null,"countyCode":null,"authFlag":"true"}}}
[2018-04-13 10:26:16.285] [INFO] D:\height\Vue.webapp\server\utils/error - url______________________/mdtc/uc/getUserInfo
[2018-04-13 10:26:16.287] [INFO] D:\height\Vue.webapp\server\utils/baseAction - responseResult ===>{"code":"000000","message":"业务处理成功!","result":{"user":{"userId":1036,"chatId":0,"userName":"吴锐","nickName":"奇超","userImg":null,"phone":"13932952736","email":"m13932952737@163.com","birthday":"1980-01-01","address":null,"district":null,"districtCode":null,"registerTime":1510823305423,"registerTimeStr":"2017-11-16 17:08:25","credits":0,"uuid":null,"unionid":"oig_pwMK510Q6P6sYnI5Uvwx54xc","pcqquid":null,"qquid":null,"loginPwd":null,"loginIp":"223.223.202.229","loginTime":1510823305451,"loginTimeStr":"2017-11-16 17:08:25","loginNum":1,"status":"1","channel":"1001","customerId":"D50F39DA-7032-4576-BC21-57DC2F15BA6C","sexCode":"1","sexName":"男","idCode":"01","idNumber":"510502197202240718","nationCode":null,"nationName":null,"countryCode":null,"countryName":null,"educationalCode":null,"educationalName":null,"occupationCode":null,"occupationName":null,"provinceCode":null,"cityCode":null,"countyCode":null,"authFlag":"true"}}}
[2018-04-13 10:26:38.380] [INFO] D:\height\Vue.webapp\server\utils/error - url______________________/mdtc/uc/getUserInfo
[2018-04-13 10:26:38.383] [INFO] D:\height\Vue.webapp\server\utils/baseAction - responseResult ===>{"code":"000000","message":"业务处理成功!","result":{"user":{"userId":1036,"chatId":0,"userName":"吴锐","nickName":"奇超","userImg":null,"phone":"13932952736","email":"m13932952737@163.com","birthday":"1980-01-01","address":null,"district":null,"districtCode":null,"registerTime":1510823305423,"registerTimeStr":"2017-11-16 17:08:25","credits":0,"uuid":null,"unionid":"oig_pwMK510Q6P6sYnI5Uvwx54xc","pcqquid":null,"qquid":null,"loginPwd":null,"loginIp":"223.223.202.229","loginTime":1510823305451,"loginTimeStr":"2017-11-16 17:08:25","loginNum":1,"status":"1","channel":"1001","customerId":"D50F39DA-7032-4576-BC21-57DC2F15BA6C","sexCode":"1","sexName":"男","idCode":"01","idNumber":"510502197202240718","nationCode":null,"nationName":null,"countryCode":null,"countryName":null,"educationalCode":null,"educationalName":null,"occupationCode":null,"occupationName":null,"provinceCode":null,"cityCode":null,"countyCode":null,"authFlag":"true"}}}
[2018-04-13 10:27:59.421] [INFO] D:\height\Vue.webapp\server\utils/error - url______________________/mdtc/uc/getUserInfo
[2018-04-13 10:27:59.425] [INFO] D:\height\Vue.webapp\server\utils/baseAction - responseResult ===>{"code":"000000","message":"业务处理成功!","result":{"user":{"userId":1036,"chatId":0,"userName":"吴锐","nickName":"奇超","userImg":null,"phone":"13932952736","email":"m13932952737@163.com","birthday":"1980-01-01","address":null,"district":null,"districtCode":null,"registerTime":1510823305423,"registerTimeStr":"2017-11-16 17:08:25","credits":0,"uuid":null,"unionid":"oig_pwMK510Q6P6sYnI5Uvwx54xc","pcqquid":null,"qquid":null,"loginPwd":null,"loginIp":"223.223.202.229","loginTime":1510823305451,"loginTimeStr":"2017-11-16 17:08:25","loginNum":1,"status":"1","channel":"1001","customerId":"D50F39DA-7032-4576-BC21-57DC2F15BA6C","sexCode":"1","sexName":"男","idCode":"01","idNumber":"510502197202240718","nationCode":null,"nationName":null,"countryCode":null,"countryName":null,"educationalCode":null,"educationalName":null,"occupationCode":null,"occupationName":null,"provinceCode":null,"cityCode":null,"countyCode":null,"authFlag":"true"}}}
[2018-04-13 15:51:01.977] [INFO] D:\height\Vue.webapp\server\utils/server - Listening on port : 10110 with the node_env development
[2018-04-13 15:51:02.000] [INFO] D:\height\Vue.webapp\server\utils/Wechat - 获取access_token请求参数 ====>https://api.weixin.qq.com/cgi-bin/token?grant_type=client_credential&appid=wxd5bb187027ae5605&secret=68091a7af77b83256c207d1d22ce56e8
[2018-04-13 15:51:02.292] [INFO] D:\height\Vue.webapp\server\utils/Wechat - 获取access_token成功 ====>{"access_token":"8_TOPZ_Lwt4-0G0cPO2ZheA0N8W1LPxNL7ZtEvCZq7ZXG51Ky3RunosiPQDg1WApf09hK0sRjZC4m4DnJiVonHJLp5oXuZb3AM9ixfhNX-Fnccbb5yDZ6N_yV068MZARiAGAOPG","expires_in":7200}
[2018-04-13 15:51:02.292] [INFO] D:\height\Vue.webapp\server\utils/Wechat - 获取 Ticket 请求参数 ====>https://api.weixin.qq.com/cgi-bin/ticket/getticket?type=jsapi&access_token=8_TOPZ_Lwt4-0G0cPO2ZheA0N8W1LPxNL7ZtEvCZq7ZXG51Ky3RunosiPQDg1WApf09hK0sRjZC4m4DnJiVonHJLp5oXuZb3AM9ixfhNX-Fnccbb5yDZ6N_yV068MZARiAGAOPG
[2018-04-13 15:51:02.435] [INFO] D:\height\Vue.webapp\server\utils/Wechat - 获取 Ticket 成功 ====>{"errcode":0,"errmsg":"ok","ticket":"kgt8ON7yVITDhtdwci0qeepCpMa1m0i2WWI7YBDhGNqORNAW50Spgvlx0w6IGZi66cSfo178vBff7UWvmXEqCw","expires_in":7200}
[2018-04-13 15:57:11.166] [INFO] D:\height\Vue.webapp\server\utils/error - url______________________/mdtc/uc/getUserInfo
[2018-04-13 15:57:11.187] [INFO] D:\height\Vue.webapp\server\utils/baseAction - responseResult ===>{"code":"000000","message":"业务处理成功!","result":{"user":{"userId":1036,"chatId":0,"userName":"吴锐","nickName":"奇超","userImg":null,"phone":"13932952736","email":"m13932952737@163.com","birthday":"1980-01-01","address":null,"district":null,"districtCode":null,"registerTime":1510823305423,"registerTimeStr":"2017-11-16 17:08:25","credits":0,"uuid":null,"unionid":"oig_pwMK510Q6P6sYnI5Uvwx54xc","pcqquid":null,"qquid":null,"loginPwd":null,"loginIp":"223.223.202.229","loginTime":1510823305451,"loginTimeStr":"2017-11-16 17:08:25","loginNum":1,"status":"1","channel":"1001","customerId":"D50F39DA-7032-4576-BC21-57DC2F15BA6C","sexCode":"1","sexName":"男","idCode":"01","idNumber":"510502197202240718","nationCode":null,"nationName":null,"countryCode":null,"countryName":null,"educationalCode":null,"educationalName":null,"occupationCode":null,"occupationName":null,"provinceCode":null,"cityCode":null,"countyCode":null,"authFlag":"true"}}}
[2018-04-13 16:05:40.147] [INFO] D:\height\Vue.webapp\server\utils/error - url______________________/mdtc/uc/getUserInfo
[2018-04-13 16:05:40.149] [INFO] D:\height\Vue.webapp\server\utils/baseAction - responseResult ===>{"code":"000000","message":"业务处理成功!","result":{"user":{"userId":1036,"chatId":0,"userName":"吴锐","nickName":"奇超","userImg":null,"phone":"13932952736","email":"m13932952737@163.com","birthday":"1980-01-01","address":null,"district":null,"districtCode":null,"registerTime":1510823305423,"registerTimeStr":"2017-11-16 17:08:25","credits":0,"uuid":null,"unionid":"oig_pwMK510Q6P6sYnI5Uvwx54xc","pcqquid":null,"qquid":null,"loginPwd":null,"loginIp":"223.223.202.229","loginTime":1510823305451,"loginTimeStr":"2017-11-16 17:08:25","loginNum":1,"status":"1","channel":"1001","customerId":"D50F39DA-7032-4576-BC21-57DC2F15BA6C","sexCode":"1","sexName":"男","idCode":"01","idNumber":"510502197202240718","nationCode":null,"nationName":null,"countryCode":null,"countryName":null,"educationalCode":null,"educationalName":null,"occupationCode":null,"occupationName":null,"provinceCode":null,"cityCode":null,"countyCode":null,"authFlag":"true"}}}
[2018-04-13 16:14:28.037] [INFO] D:\height\Vue.webapp\server\utils/error - url______________________/mdtc/uc/getUserInfo
[2018-04-13 16:14:28.040] [INFO] D:\height\Vue.webapp\server\utils/baseAction - responseResult ===>{"code":"000000","message":"业务处理成功!","result":{"user":{"userId":1036,"chatId":0,"userName":"吴锐","nickName":"奇超","userImg":null,"phone":"13932952736","email":"m13932952737@163.com","birthday":"1980-01-01","address":null,"district":null,"districtCode":null,"registerTime":1510823305423,"registerTimeStr":"2017-11-16 17:08:25","credits":0,"uuid":null,"unionid":"oig_pwMK510Q6P6sYnI5Uvwx54xc","pcqquid":null,"qquid":null,"loginPwd":null,"loginIp":"223.223.202.229","loginTime":1510823305451,"loginTimeStr":"2017-11-16 17:08:25","loginNum":1,"status":"1","channel":"1001","customerId":"D50F39DA-7032-4576-BC21-57DC2F15BA6C","sexCode":"1","sexName":"男","idCode":"01","idNumber":"510502197202240718","nationCode":null,"nationName":null,"countryCode":null,"countryName":null,"educationalCode":null,"educationalName":null,"occupationCode":null,"occupationName":null,"provinceCode":null,"cityCode":null,"countyCode":null,"authFlag":"true"}}}
[2018-04-13 16:14:53.431] [INFO] D:\height\Vue.webapp\server\utils/error - url______________________/mdtc/uc/getUserInfo
[2018-04-13 16:14:53.433] [INFO] D:\height\Vue.webapp\server\utils/baseAction - responseResult ===>{"code":"000000","message":"业务处理成功!","result":{"user":{"userId":1036,"chatId":0,"userName":"吴锐","nickName":"奇超","userImg":null,"phone":"13932952736","email":"m13932952737@163.com","birthday":"1980-01-01","address":null,"district":null,"districtCode":null,"registerTime":1510823305423,"registerTimeStr":"2017-11-16 17:08:25","credits":0,"uuid":null,"unionid":"oig_pwMK510Q6P6sYnI5Uvwx54xc","pcqquid":null,"qquid":null,"loginPwd":null,"loginIp":"223.223.202.229","loginTime":1510823305451,"loginTimeStr":"2017-11-16 17:08:25","loginNum":1,"status":"1","channel":"1001","customerId":"D50F39DA-7032-4576-BC21-57DC2F15BA6C","sexCode":"1","sexName":"男","idCode":"01","idNumber":"510502197202240718","nationCode":null,"nationName":null,"countryCode":null,"countryName":null,"educationalCode":null,"educationalName":null,"occupationCode":null,"occupationName":null,"provinceCode":null,"cityCode":null,"countyCode":null,"authFlag":"true"}}}
[2018-04-13 16:21:04.384] [INFO] D:\height\Vue.webapp\server\utils/error - url______________________/mdtc/uc/getUserInfo
[2018-04-13 16:21:04.387] [INFO] D:\height\Vue.webapp\server\utils/baseAction - responseResult ===>{"code":"000000","message":"业务处理成功!","result":{"user":{"userId":1036,"chatId":0,"userName":"吴锐","nickName":"奇超","userImg":null,"phone":"13932952736","email":"m13932952737@163.com","birthday":"1980-01-01","address":null,"district":null,"districtCode":null,"registerTime":1510823305423,"registerTimeStr":"2017-11-16 17:08:25","credits":0,"uuid":null,"unionid":"oig_pwMK510Q6P6sYnI5Uvwx54xc","pcqquid":null,"qquid":null,"loginPwd":null,"loginIp":"223.223.202.229","loginTime":1510823305451,"loginTimeStr":"2017-11-16 17:08:25","loginNum":1,"status":"1","channel":"1001","customerId":"D50F39DA-7032-4576-BC21-57DC2F15BA6C","sexCode":"1","sexName":"男","idCode":"01","idNumber":"510502197202240718","nationCode":null,"nationName":null,"countryCode":null,"countryName":null,"educationalCode":null,"educationalName":null,"occupationCode":null,"occupationName":null,"provinceCode":null,"cityCode":null,"countyCode":null,"authFlag":"true"}}}
[2018-04-13 16:32:46.363] [INFO] D:\height\Vue.webapp\server\utils/error - url______________________/mdtc/uc/getUserInfo
[2018-04-13 16:32:46.366] [INFO] D:\height\Vue.webapp\server\utils/baseAction - responseResult ===>{"code":"000000","message":"业务处理成功!","result":{"user":{"userId":1036,"chatId":0,"userName":"吴锐","nickName":"奇超","userImg":null,"phone":"13932952736","email":"m13932952737@163.com","birthday":"1980-01-01","address":null,"district":null,"districtCode":null,"registerTime":1510823305423,"registerTimeStr":"2017-11-16 17:08:25","credits":0,"uuid":null,"unionid":"oig_pwMK510Q6P6sYnI5Uvwx54xc","pcqquid":null,"qquid":null,"loginPwd":null,"loginIp":"223.223.202.229","loginTime":1510823305451,"loginTimeStr":"2017-11-16 17:08:25","loginNum":1,"status":"1","channel":"1001","customerId":"D50F39DA-7032-4576-BC21-57DC2F15BA6C","sexCode":"1","sexName":"男","idCode":"01","idNumber":"510502197202240718","nationCode":null,"nationName":null,"countryCode":null,"countryName":null,"educationalCode":null,"educationalName":null,"occupationCode":null,"occupationName":null,"provinceCode":null,"cityCode":null,"countyCode":null,"authFlag":"true"}}}
[2018-04-13 16:40:28.722] [INFO] D:\height\Vue.webapp\server\utils/error - url______________________/mdtc/uc/getUserInfo
[2018-04-13 16:40:28.724] [INFO] D:\height\Vue.webapp\server\utils/baseAction - responseResult ===>{"code":"000000","message":"业务处理成功!","result":{"user":{"userId":1036,"chatId":0,"userName":"吴锐","nickName":"奇超","userImg":null,"phone":"13932952736","email":"m13932952737@163.com","birthday":"1980-01-01","address":null,"district":null,"districtCode":null,"registerTime":1510823305423,"registerTimeStr":"2017-11-16 17:08:25","credits":0,"uuid":null,"unionid":"oig_pwMK510Q6P6sYnI5Uvwx54xc","pcqquid":null,"qquid":null,"loginPwd":null,"loginIp":"223.223.202.229","loginTime":1510823305451,"loginTimeStr":"2017-11-16 17:08:25","loginNum":1,"status":"1","channel":"1001","customerId":"D50F39DA-7032-4576-BC21-57DC2F15BA6C","sexCode":"1","sexName":"男","idCode":"01","idNumber":"510502197202240718","nationCode":null,"nationName":null,"countryCode":null,"countryName":null,"educationalCode":null,"educationalName":null,"occupationCode":null,"occupationName":null,"provinceCode":null,"cityCode":null,"countyCode":null,"authFlag":"true"}}}
[2018-04-13 16:45:20.563] [INFO] D:\height\Vue.webapp\server\utils/error - url______________________/mdtc/uc/getUserInfo
[2018-04-13 16:45:20.566] [INFO] D:\height\Vue.webapp\server\utils/baseAction - responseResult ===>{"code":"000000","message":"业务处理成功!","result":{"user":{"userId":1036,"chatId":0,"userName":"吴锐","nickName":"奇超","userImg":null,"phone":"13932952736","email":"m13932952737@163.com","birthday":"1980-01-01","address":null,"district":null,"districtCode":null,"registerTime":1510823305423,"registerTimeStr":"2017-11-16 17:08:25","credits":0,"uuid":null,"unionid":"oig_pwMK510Q6P6sYnI5Uvwx54xc","pcqquid":null,"qquid":null,"loginPwd":null,"loginIp":"223.223.202.229","loginTime":1510823305451,"loginTimeStr":"2017-11-16 17:08:25","loginNum":1,"status":"1","channel":"1001","customerId":"D50F39DA-7032-4576-BC21-57DC2F15BA6C","sexCode":"1","sexName":"男","idCode":"01","idNumber":"510502197202240718","nationCode":null,"nationName":null,"countryCode":null,"countryName":null,"educationalCode":null,"educationalName":null,"occupationCode":null,"occupationName":null,"provinceCode":null,"cityCode":null,"countyCode":null,"authFlag":"true"}}}
[2018-04-13 16:46:23.682] [INFO] D:\height\Vue.webapp\server\utils/error - url______________________/mdtc/uc/getUserInfo
[2018-04-13 16:46:23.684] [INFO] D:\height\Vue.webapp\server\utils/baseAction - responseResult ===>{"code":"000000","message":"业务处理成功!","result":{"user":{"userId":1036,"chatId":0,"userName":"吴锐","nickName":"奇超","userImg":null,"phone":"13932952736","email":"m13932952737@163.com","birthday":"1980-01-01","address":null,"district":null,"districtCode":null,"registerTime":1510823305423,"registerTimeStr":"2017-11-16 17:08:25","credits":0,"uuid":null,"unionid":"oig_pwMK510Q6P6sYnI5Uvwx54xc","pcqquid":null,"qquid":null,"loginPwd":null,"loginIp":"223.223.202.229","loginTime":1510823305451,"loginTimeStr":"2017-11-16 17:08:25","loginNum":1,"status":"1","channel":"1001","customerId":"D50F39DA-7032-4576-BC21-57DC2F15BA6C","sexCode":"1","sexName":"男","idCode":"01","idNumber":"510502197202240718","nationCode":null,"nationName":null,"countryCode":null,"countryName":null,"educationalCode":null,"educationalName":null,"occupationCode":null,"occupationName":null,"provinceCode":null,"cityCode":null,"countyCode":null,"authFlag":"true"}}}
[2018-04-13 17:30:21.485] [INFO] D:\height\Vue.webapp\server\utils/error - url______________________/mdtc/uc/getUserInfo
[2018-04-13 17:30:21.487] [INFO] D:\height\Vue.webapp\server\utils/baseAction - responseResult ===>{"code":"000000","message":"业务处理成功!","result":{"user":{"userId":1036,"chatId":0,"userName":"吴锐","nickName":"奇超","userImg":null,"phone":"13932952736","email":"m13932952737@163.com","birthday":"1980-01-01","address":null,"district":null,"districtCode":null,"registerTime":1510823305423,"registerTimeStr":"2017-11-16 17:08:25","credits":0,"uuid":null,"unionid":"oig_pwMK510Q6P6sYnI5Uvwx54xc","pcqquid":null,"qquid":null,"loginPwd":null,"loginIp":"223.223.202.229","loginTime":1510823305451,"loginTimeStr":"2017-11-16 17:08:25","loginNum":1,"status":"1","channel":"1001","customerId":"D50F39DA-7032-4576-BC21-57DC2F15BA6C","sexCode":"1","sexName":"男","idCode":"01","idNumber":"510502197202240718","nationCode":null,"nationName":null,"countryCode":null,"countryName":null,"educationalCode":null,"educationalName":null,"occupationCode":null,"occupationName":null,"provinceCode":null,"cityCode":null,"countyCode":null,"authFlag":"true"}}}
[2018-04-13 18:12:23.929] [INFO] D:\height\Vue.webapp\server\utils/error - url______________________/mdtc/uc/getUserInfo
[2018-04-13 18:12:23.931] [INFO] D:\height\Vue.webapp\server\utils/baseAction - responseResult ===>{"code":"000000","message":"业务处理成功!","result":{"user":{"userId":1036,"chatId":0,"userName":"吴锐","nickName":"奇超","userImg":null,"phone":"13932952736","email":"m13932952737@163.com","birthday":"1980-01-01","address":null,"district":null,"districtCode":null,"registerTime":1510823305423,"registerTimeStr":"2017-11-16 17:08:25","credits":0,"uuid":null,"unionid":"oig_pwMK510Q6P6sYnI5Uvwx54xc","pcqquid":null,"qquid":null,"loginPwd":null,"loginIp":"223.223.202.229","loginTime":1510823305451,"loginTimeStr":"2017-11-16 17:08:25","loginNum":1,"status":"1","channel":"1001","customerId":"D50F39DA-7032-4576-BC21-57DC2F15BA6C","sexCode":"1","sexName":"男","idCode":"01","idNumber":"510502197202240718","nationCode":null,"nationName":null,"countryCode":null,"countryName":null,"educationalCode":null,"educationalName":null,"occupationCode":null,"occupationName":null,"provinceCode":null,"cityCode":null,"countyCode":null,"authFlag":"true"}}}
[2018-04-13 18:13:12.572] [INFO] D:\height\Vue.webapp\server\utils/error - url______________________/mdtc/uc/getUserInfo
[2018-04-13 18:13:12.574] [INFO] D:\height\Vue.webapp\server\utils/baseAction - responseResult ===>{"code":"000000","message":"业务处理成功!","result":{"user":{"userId":1036,"chatId":0,"userName":"吴锐","nickName":"奇超","userImg":null,"phone":"13932952736","email":"m13932952737@163.com","birthday":"1980-01-01","address":null,"district":null,"districtCode":null,"registerTime":1510823305423,"registerTimeStr":"2017-11-16 17:08:25","credits":0,"uuid":null,"unionid":"oig_pwMK510Q6P6sYnI5Uvwx54xc","pcqquid":null,"qquid":null,"loginPwd":null,"loginIp":"223.223.202.229","loginTime":1510823305451,"loginTimeStr":"2017-11-16 17:08:25","loginNum":1,"status":"1","channel":"1001","customerId":"D50F39DA-7032-4576-BC21-57DC2F15BA6C","sexCode":"1","sexName":"男","idCode":"01","idNumber":"510502197202240718","nationCode":null,"nationName":null,"countryCode":null,"countryName":null,"educationalCode":null,"educationalName":null,"occupationCode":null,"occupationName":null,"provinceCode":null,"cityCode":null,"countyCode":null,"authFlag":"true"}}}
[2018-04-13 18:13:18.471] [INFO] D:\height\Vue.webapp\server\utils/error - url______________________/mdtc/uc/getUserInfo
[2018-04-13 18:13:18.472] [INFO] D:\height\Vue.webapp\server\utils/baseAction - responseResult ===>{"code":"000000","message":"业务处理成功!","result":{"user":{"userId":1036,"chatId":0,"userName":"吴锐","nickName":"奇超","userImg":null,"phone":"13932952736","email":"m13932952737@163.com","birthday":"1980-01-01","address":null,"district":null,"districtCode":null,"registerTime":1510823305423,"registerTimeStr":"2017-11-16 17:08:25","credits":0,"uuid":null,"unionid":"oig_pwMK510Q6P6sYnI5Uvwx54xc","pcqquid":null,"qquid":null,"loginPwd":null,"loginIp":"223.223.202.229","loginTime":1510823305451,"loginTimeStr":"2017-11-16 17:08:25","loginNum":1,"status":"1","channel":"1001","customerId":"D50F39DA-7032-4576-BC21-57DC2F15BA6C","sexCode":"1","sexName":"男","idCode":"01","idNumber":"510502197202240718","nationCode":null,"nationName":null,"countryCode":null,"countryName":null,"educationalCode":null,"educationalName":null,"occupationCode":null,"occupationName":null,"provinceCode":null,"cityCode":null,"countyCode":null,"authFlag":"true"}}}
[2018-04-13 18:13:47.003] [INFO] D:\height\Vue.webapp\server\utils/error - url______________________/mdtc/uc/getUserInfo
[2018-04-13 18:13:47.005] [INFO] D:\height\Vue.webapp\server\utils/baseAction - responseResult ===>{"code":"000000","message":"业务处理成功!","result":{"user":{"userId":1036,"chatId":0,"userName":"吴锐","nickName":"奇超","userImg":null,"phone":"13932952736","email":"m13932952737@163.com","birthday":"1980-01-01","address":null,"district":null,"districtCode":null,"registerTime":1510823305423,"registerTimeStr":"2017-11-16 17:08:25","credits":0,"uuid":null,"unionid":"oig_pwMK510Q6P6sYnI5Uvwx54xc","pcqquid":null,"qquid":null,"loginPwd":null,"loginIp":"223.223.202.229","loginTime":1510823305451,"loginTimeStr":"2017-11-16 17:08:25","loginNum":1,"status":"1","channel":"1001","customerId":"D50F39DA-7032-4576-BC21-57DC2F15BA6C","sexCode":"1","sexName":"男","idCode":"01","idNumber":"510502197202240718","nationCode":null,"nationName":null,"countryCode":null,"countryName":null,"educationalCode":null,"educationalName":null,"occupationCode":null,"occupationName":null,"provinceCode":null,"cityCode":null,"countyCode":null,"authFlag":"true"}}}
[2018-04-13 18:14:36.502] [INFO] D:\height\Vue.webapp\server\utils/error - url______________________/mdtc/uc/getUserInfo
[2018-04-13 18:14:36.504] [INFO] D:\height\Vue.webapp\server\utils/baseAction - responseResult ===>{"code":"000000","message":"业务处理成功!","result":{"user":{"userId":1036,"chatId":0,"userName":"吴锐","nickName":"奇超","userImg":null,"phone":"13932952736","email":"m13932952737@163.com","birthday":"1980-01-01","address":null,"district":null,"districtCode":null,"registerTime":1510823305423,"registerTimeStr":"2017-11-16 17:08:25","credits":0,"uuid":null,"unionid":"oig_pwMK510Q6P6sYnI5Uvwx54xc","pcqquid":null,"qquid":null,"loginPwd":null,"loginIp":"223.223.202.229","loginTime":1510823305451,"loginTimeStr":"2017-11-16 17:08:25","loginNum":1,"status":"1","channel":"1001","customerId":"D50F39DA-7032-4576-BC21-57DC2F15BA6C","sexCode":"1","sexName":"男","idCode":"01","idNumber":"510502197202240718","nationCode":null,"nationName":null,"countryCode":null,"countryName":null,"educationalCode":null,"educationalName":null,"occupationCode":null,"occupationName":null,"provinceCode":null,"cityCode":null,"countyCode":null,"authFlag":"true"}}}
[2018-04-13 18:14:39.471] [INFO] D:\height\Vue.webapp\server\utils/error - url______________________/mdtc/uc/getUserInfo
[2018-04-13 18:14:39.473] [INFO] D:\height\Vue.webapp\server\utils/baseAction - responseResult ===>{"code":"000000","message":"业务处理成功!","result":{"user":{"userId":1036,"chatId":0,"userName":"吴锐","nickName":"奇超","userImg":null,"phone":"13932952736","email":"m13932952737@163.com","birthday":"1980-01-01","address":null,"district":null,"districtCode":null,"registerTime":1510823305423,"registerTimeStr":"2017-11-16 17:08:25","credits":0,"uuid":null,"unionid":"oig_pwMK510Q6P6sYnI5Uvwx54xc","pcqquid":null,"qquid":null,"loginPwd":null,"loginIp":"223.223.202.229","loginTime":1510823305451,"loginTimeStr":"2017-11-16 17:08:25","loginNum":1,"status":"1","channel":"1001","customerId":"D50F39DA-7032-4576-BC21-57DC2F15BA6C","sexCode":"1","sexName":"男","idCode":"01","idNumber":"510502197202240718","nationCode":null,"nationName":null,"countryCode":null,"countryName":null,"educationalCode":null,"educationalName":null,"occupationCode":null,"occupationName":null,"provinceCode":null,"cityCode":null,"countyCode":null,"authFlag":"true"}}}
[2018-04-13 18:15:03.005] [INFO] D:\height\Vue.webapp\server\utils/error - url______________________/mdtc/uc/getUserInfo
[2018-04-13 18:15:03.006] [INFO] D:\height\Vue.webapp\server\utils/baseAction - responseResult ===>{"code":"000000","message":"业务处理成功!","result":{"user":{"userId":1036,"chatId":0,"userName":"吴锐","nickName":"奇超","userImg":null,"phone":"13932952736","email":"m13932952737@163.com","birthday":"1980-01-01","address":null,"district":null,"districtCode":null,"registerTime":1510823305423,"registerTimeStr":"2017-11-16 17:08:25","credits":0,"uuid":null,"unionid":"oig_pwMK510Q6P6sYnI5Uvwx54xc","pcqquid":null,"qquid":null,"loginPwd":null,"loginIp":"223.223.202.229","loginTime":1510823305451,"loginTimeStr":"2017-11-16 17:08:25","loginNum":1,"status":"1","channel":"1001","customerId":"D50F39DA-7032-4576-BC21-57DC2F15BA6C","sexCode":"1","sexName":"男","idCode":"01","idNumber":"510502197202240718","nationCode":null,"nationName":null,"countryCode":null,"countryName":null,"educationalCode":null,"educationalName":null,"occupationCode":null,"occupationName":null,"provinceCode":null,"cityCode":null,"countyCode":null,"authFlag":"true"}}}
[2018-04-13 18:15:07.016] [INFO] D:\height\Vue.webapp\server\utils/error - url______________________/mdtc/uc/getUserInfo
[2018-04-13 18:15:07.017] [INFO] D:\height\Vue.webapp\server\utils/baseAction - responseResult ===>{"code":"000000","message":"业务处理成功!","result":{"user":{"userId":1036,"chatId":0,"userName":"吴锐","nickName":"奇超","userImg":null,"phone":"13932952736","email":"m13932952737@163.com","birthday":"1980-01-01","address":null,"district":null,"districtCode":null,"registerTime":1510823305423,"registerTimeStr":"2017-11-16 17:08:25","credits":0,"uuid":null,"unionid":"oig_pwMK510Q6P6sYnI5Uvwx54xc","pcqquid":null,"qquid":null,"loginPwd":null,"loginIp":"223.223.202.229","loginTime":1510823305451,"loginTimeStr":"2017-11-16 17:08:25","loginNum":1,"status":"1","channel":"1001","customerId":"D50F39DA-7032-4576-BC21-57DC2F15BA6C","sexCode":"1","sexName":"男","idCode":"01","idNumber":"510502197202240718","nationCode":null,"nationName":null,"countryCode":null,"countryName":null,"educationalCode":null,"educationalName":null,"occupationCode":null,"occupationName":null,"provinceCode":null,"cityCode":null,"countyCode":null,"authFlag":"true"}}}
[2018-04-13 18:18:51.470] [INFO] D:\height\Vue.webapp\server\utils/error - url______________________/mdtc/uc/getUserInfo
[2018-04-13 18:18:51.472] [INFO] D:\height\Vue.webapp\server\utils/baseAction - responseResult ===>{"code":"000000","message":"业务处理成功!","result":{"user":{"userId":1036,"chatId":0,"userName":"吴锐","nickName":"奇超","userImg":null,"phone":"13932952736","email":"m13932952737@163.com","birthday":"1980-01-01","address":null,"district":null,"districtCode":null,"registerTime":1510823305423,"registerTimeStr":"2017-11-16 17:08:25","credits":0,"uuid":null,"unionid":"oig_pwMK510Q6P6sYnI5Uvwx54xc","pcqquid":null,"qquid":null,"loginPwd":null,"loginIp":"223.223.202.229","loginTime":1510823305451,"loginTimeStr":"2017-11-16 17:08:25","loginNum":1,"status":"1","channel":"1001","customerId":"D50F39DA-7032-4576-BC21-57DC2F15BA6C","sexCode":"1","sexName":"男","idCode":"01","idNumber":"510502197202240718","nationCode":null,"nationName":null,"countryCode":null,"countryName":null,"educationalCode":null,"educationalName":null,"occupationCode":null,"occupationName":null,"provinceCode":null,"cityCode":null,"countyCode":null,"authFlag":"true"}}}
[2018-04-13 18:19:54.458] [INFO] D:\height\Vue.webapp\server\utils/error - url______________________/mdtc/uc/getUserInfo
[2018-04-13 18:19:54.460] [INFO] D:\height\Vue.webapp\server\utils/baseAction - responseResult ===>{"code":"000000","message":"业务处理成功!","result":{"user":{"userId":1036,"chatId":0,"userName":"吴锐","nickName":"奇超","userImg":null,"phone":"13932952736","email":"m13932952737@163.com","birthday":"1980-01-01","address":null,"district":null,"districtCode":null,"registerTime":1510823305423,"registerTimeStr":"2017-11-16 17:08:25","credits":0,"uuid":null,"unionid":"oig_pwMK510Q6P6sYnI5Uvwx54xc","pcqquid":null,"qquid":null,"loginPwd":null,"loginIp":"223.223.202.229","loginTime":1510823305451,"loginTimeStr":"2017-11-16 17:08:25","loginNum":1,"status":"1","channel":"1001","customerId":"D50F39DA-7032-4576-BC21-57DC2F15BA6C","sexCode":"1","sexName":"男","idCode":"01","idNumber":"510502197202240718","nationCode":null,"nationName":null,"countryCode":null,"countryName":null,"educationalCode":null,"educationalName":null,"occupationCode":null,"occupationName":null,"provinceCode":null,"cityCode":null,"countyCode":null,"authFlag":"true"}}}
